{"D:\\Projects\\te.js\\database\\index.js": {"path":"D:\\Projects\\te.js\\database\\index.js","statementMap":{"0":{"start":{"line":6,"column":15},"end":{"line":6,"column":47}},"1":{"start":{"line":9,"column":21},"end":{"line":9,"column":25}},"2":{"start":{"line":10,"column":27},"end":{"line":10,"column":32}},"3":{"start":{"line":13,"column":17},"end":{"line":13,"column":26}},"4":{"start":{"line":14,"column":29},"end":{"line":14,"column":38}},"5":{"start":{"line":18,"column":33},"end":{"line":18,"column":56}},"6":{"start":{"line":19,"column":4},"end":{"line":19,"column":28}},"7":{"start":{"line":20,"column":4},"end":{"line":20,"column":19}},"8":{"start":{"line":24,"column":4},"end":{"line":26,"column":5}},"9":{"start":{"line":25,"column":6},"end":{"line":25,"column":39}},"10":{"start":{"line":28,"column":4},"end":{"line":33,"column":5}},"11":{"start":{"line":29,"column":6},"end":{"line":32,"column":8}},"12":{"start":{"line":35,"column":4},"end":{"line":35,"column":44}},"13":{"start":{"line":36,"column":4},"end":{"line":36,"column":37}},"14":{"start":{"line":40,"column":4},"end":{"line":43,"column":5}},"15":{"start":{"line":41,"column":6},"end":{"line":41,"column":45}},"16":{"start":{"line":42,"column":6},"end":{"line":42,"column":56}},"17":{"start":{"line":44,"column":4},"end":{"line":44,"column":37}},"18":{"start":{"line":48,"column":16},"end":{"line":48,"column":36}},"19":{"start":{"line":51,"column":4},"end":{"line":53,"column":5}},"20":{"start":{"line":52,"column":6},"end":{"line":52,"column":47}},"21":{"start":{"line":56,"column":4},"end":{"line":56,"column":49}},"22":{"start":{"line":59,"column":4},"end":{"line":89,"column":5}},"23":{"start":{"line":60,"column":6},"end":{"line":72,"column":7}},"24":{"start":{"line":62,"column":10},"end":{"line":65,"column":13}},"25":{"start":{"line":66,"column":10},"end":{"line":66,"column":16}},"26":{"start":{"line":68,"column":10},"end":{"line":68,"column":58}},"27":{"start":{"line":69,"column":10},"end":{"line":69,"column":16}},"28":{"start":{"line":71,"column":10},"end":{"line":71,"column":74}},"29":{"start":{"line":74,"column":6},"end":{"line":78,"column":9}},"30":{"start":{"line":81,"column":6},"end":{"line":81,"column":48}},"31":{"start":{"line":83,"column":6},"end":{"line":83,"column":20}},"32":{"start":{"line":86,"column":6},"end":{"line":86,"column":48}},"33":{"start":{"line":87,"column":6},"end":{"line":87,"column":72}},"34":{"start":{"line":88,"column":6},"end":{"line":88,"column":18}},"35":{"start":{"line":93,"column":16},"end":{"line":93,"column":36}},"36":{"start":{"line":94,"column":23},"end":{"line":94,"column":49}},"37":{"start":{"line":95,"column":4},"end":{"line":100,"column":5}},"38":{"start":{"line":96,"column":6},"end":{"line":99,"column":8}},"39":{"start":{"line":101,"column":4},"end":{"line":101,"column":29}},"40":{"start":{"line":105,"column":16},"end":{"line":105,"column":36}},"41":{"start":{"line":106,"column":4},"end":{"line":108,"column":5}},"42":{"start":{"line":107,"column":6},"end":{"line":107,"column":13}},"43":{"start":{"line":110,"column":4},"end":{"line":125,"column":5}},"44":{"start":{"line":111,"column":25},"end":{"line":111,"column":51}},"45":{"start":{"line":112,"column":6},"end":{"line":119,"column":7}},"46":{"start":{"line":114,"column":10},"end":{"line":114,"column":57}},"47":{"start":{"line":115,"column":10},"end":{"line":115,"column":16}},"48":{"start":{"line":117,"column":10},"end":{"line":117,"column":59}},"49":{"start":{"line":118,"column":10},"end":{"line":118,"column":16}},"50":{"start":{"line":121,"column":6},"end":{"line":121,"column":36}},"51":{"start":{"line":123,"column":6},"end":{"line":123,"column":65}},"52":{"start":{"line":124,"column":6},"end":{"line":124,"column":18}},"53":{"start":{"line":133,"column":26},"end":{"line":133,"column":28}},"54":{"start":{"line":134,"column":4},"end":{"line":138,"column":5}},"55":{"start":{"line":135,"column":6},"end":{"line":137,"column":8}},"56":{"start":{"line":139,"column":4},"end":{"line":139,"column":37}},"57":{"start":{"line":140,"column":4},"end":{"line":140,"column":30}},"58":{"start":{"line":148,"column":4},"end":{"line":148,"column":38}},"59":{"start":{"line":158,"column":16},"end":{"line":158,"column":36}},"60":{"start":{"line":159,"column":4},"end":{"line":162,"column":6}},"61":{"start":{"line":166,"column":18},"end":{"line":166,"column":47}}},"fnMap":{"0":{"name":"(anonymous_0)","decl":{"start":{"line":17,"column":8},"end":{"line":17,"column":14}},"loc":{"start":{"line":17,"column":19},"end":{"line":21,"column":3}},"line":17},"1":{"name":"(anonymous_1)","decl":{"start":{"line":23,"column":2},"end":{"line":23,"column":13}},"loc":{"start":{"line":23,"column":16},"end":{"line":37,"column":3}},"line":23},"2":{"name":"(anonymous_2)","decl":{"start":{"line":39,"column":9},"end":{"line":39,"column":20}},"loc":{"start":{"line":39,"column":23},"end":{"line":45,"column":3}},"line":39},"3":{"name":"(anonymous_3)","decl":{"start":{"line":47,"column":8},"end":{"line":47,"column":28}},"loc":{"start":{"line":47,"column":45},"end":{"line":90,"column":3}},"line":47},"4":{"name":"(anonymous_4)","decl":{"start":{"line":92,"column":2},"end":{"line":92,"column":15}},"loc":{"start":{"line":92,"column":24},"end":{"line":102,"column":3}},"line":92},"5":{"name":"(anonymous_5)","decl":{"start":{"line":104,"column":8},"end":{"line":104,"column":23}},"loc":{"start":{"line":104,"column":40},"end":{"line":126,"column":3}},"line":104},"6":{"name":"(anonymous_6)","decl":{"start":{"line":132,"column":8},"end":{"line":132,"column":27}},"loc":{"start":{"line":132,"column":30},"end":{"line":141,"column":3}},"line":132},"7":{"name":"(anonymous_7)","decl":{"start":{"line":147,"column":2},"end":{"line":147,"column":22}},"loc":{"start":{"line":147,"column":25},"end":{"line":149,"column":3}},"line":147},"8":{"name":"(anonymous_8)","decl":{"start":{"line":157,"column":2},"end":{"line":157,"column":15}},"loc":{"start":{"line":157,"column":32},"end":{"line":163,"column":3}},"line":157}},"branchMap":{"0":{"loc":{"start":{"line":24,"column":4},"end":{"line":26,"column":5}},"type":"if","locations":[{"start":{"line":24,"column":4},"end":{"line":26,"column":5}},{"start":{},"end":{}}],"line":24},"1":{"loc":{"start":{"line":28,"column":4},"end":{"line":33,"column":5}},"type":"if","locations":[{"start":{"line":28,"column":4},"end":{"line":33,"column":5}},{"start":{},"end":{}}],"line":28},"2":{"loc":{"start":{"line":40,"column":4},"end":{"line":43,"column":5}},"type":"if","locations":[{"start":{"line":40,"column":4},"end":{"line":43,"column":5}},{"start":{},"end":{}}],"line":40},"3":{"loc":{"start":{"line":51,"column":4},"end":{"line":53,"column":5}},"type":"if","locations":[{"start":{"line":51,"column":4},"end":{"line":53,"column":5}},{"start":{},"end":{}}],"line":51},"4":{"loc":{"start":{"line":60,"column":6},"end":{"line":72,"column":7}},"type":"switch","locations":[{"start":{"line":61,"column":8},"end":{"line":66,"column":16}},{"start":{"line":67,"column":8},"end":{"line":69,"column":16}},{"start":{"line":70,"column":8},"end":{"line":71,"column":74}}],"line":60},"5":{"loc":{"start":{"line":63,"column":23},"end":{"line":63,"column":48}},"type":"binary-expr","locations":[{"start":{"line":63,"column":23},"end":{"line":63,"column":39}},{"start":{"line":63,"column":43},"end":{"line":63,"column":48}}],"line":63},"6":{"loc":{"start":{"line":64,"column":21},"end":{"line":64,"column":33}},"type":"binary-expr","locations":[{"start":{"line":64,"column":21},"end":{"line":64,"column":27}},{"start":{"line":64,"column":31},"end":{"line":64,"column":33}}],"line":64},"7":{"loc":{"start":{"line":95,"column":4},"end":{"line":100,"column":5}},"type":"if","locations":[{"start":{"line":95,"column":4},"end":{"line":100,"column":5}},{"start":{},"end":{}}],"line":95},"8":{"loc":{"start":{"line":106,"column":4},"end":{"line":108,"column":5}},"type":"if","locations":[{"start":{"line":106,"column":4},"end":{"line":108,"column":5}},{"start":{},"end":{}}],"line":106},"9":{"loc":{"start":{"line":112,"column":6},"end":{"line":119,"column":7}},"type":"switch","locations":[{"start":{"line":113,"column":8},"end":{"line":115,"column":16}},{"start":{"line":116,"column":8},"end":{"line":118,"column":16}}],"line":112}},"s":{"0":0,"1":0,"2":0,"3":0,"4":0,"5":0,"6":0,"7":0,"8":0,"9":0,"10":0,"11":0,"12":0,"13":0,"14":0,"15":0,"16":0,"17":0,"18":0,"19":0,"20":0,"21":0,"22":0,"23":0,"24":0,"25":0,"26":0,"27":0,"28":0,"29":0,"30":0,"31":0,"32":0,"33":0,"34":0,"35":0,"36":0,"37":0,"38":0,"39":0,"40":0,"41":0,"42":0,"43":0,"44":0,"45":0,"46":0,"47":0,"48":0,"49":0,"50":0,"51":0,"52":0,"53":0,"54":0,"55":0,"56":0,"57":0,"58":0,"59":0,"60":0,"61":0},"f":{"0":0,"1":0,"2":0,"3":0,"4":0,"5":0,"6":0,"7":0,"8":0},"b":{"0":[0,0],"1":[0,0],"2":[0,0],"3":[0,0],"4":[0,0,0],"5":[0,0],"6":[0,0],"7":[0,0],"8":[0,0],"9":[0,0]},"meta":{"lastBranch":10,"lastFunction":9,"lastStatement":62,"seen":{"s:6:15:6:47":0,"s:9:21:9:25":1,"s:10:27:10:32":2,"s:13:17:13:26":3,"s:14:29:14:38":4,"f:17:8:17:14":0,"s:18:33:18:56":5,"s:19:4:19:28":6,"s:20:4:20:19":7,"f:23:2:23:13":1,"b:24:4:26:5:undefined:undefined:undefined:undefined":0,"s:24:4:26:5":8,"s:25:6:25:39":9,"b:28:4:33:5:undefined:undefined:undefined:undefined":1,"s:28:4:33:5":10,"s:29:6:32:8":11,"s:35:4:35:44":12,"s:36:4:36:37":13,"f:39:9:39:20":2,"b:40:4:43:5:undefined:undefined:undefined:undefined":2,"s:40:4:43:5":14,"s:41:6:41:45":15,"s:42:6:42:56":16,"s:44:4:44:37":17,"f:47:8:47:28":3,"s:48:16:48:36":18,"b:51:4:53:5:undefined:undefined:undefined:undefined":3,"s:51:4:53:5":19,"s:52:6:52:47":20,"s:56:4:56:49":21,"s:59:4:89:5":22,"b:61:8:66:16:67:8:69:16:70:8:71:74":4,"s:60:6:72:7":23,"s:62:10:65:13":24,"b:63:23:63:39:63:43:63:48":5,"b:64:21:64:27:64:31:64:33":6,"s:66:10:66:16":25,"s:68:10:68:58":26,"s:69:10:69:16":27,"s:71:10:71:74":28,"s:74:6:78:9":29,"s:81:6:81:48":30,"s:83:6:83:20":31,"s:86:6:86:48":32,"s:87:6:87:72":33,"s:88:6:88:18":34,"f:92:2:92:15":4,"s:93:16:93:36":35,"s:94:23:94:49":36,"b:95:4:100:5:undefined:undefined:undefined:undefined":7,"s:95:4:100:5":37,"s:96:6:99:8":38,"s:101:4:101:29":39,"f:104:8:104:23":5,"s:105:16:105:36":40,"b:106:4:108:5:undefined:undefined:undefined:undefined":8,"s:106:4:108:5":41,"s:107:6:107:13":42,"s:110:4:125:5":43,"s:111:25:111:51":44,"b:113:8:115:16:116:8:118:16":9,"s:112:6:119:7":45,"s:114:10:114:57":46,"s:115:10:115:16":47,"s:117:10:117:59":48,"s:118:10:118:16":49,"s:121:6:121:36":50,"s:123:6:123:65":51,"s:124:6:124:18":52,"f:132:8:132:27":6,"s:133:26:133:28":53,"s:134:4:138:5":54,"s:135:6:137:8":55,"s:139:4:139:37":56,"s:140:4:140:30":57,"f:147:2:147:22":7,"s:148:4:148:38":58,"f:157:2:157:15":8,"s:158:16:158:36":59,"s:159:4:162:6":60,"s:166:18:166:47":61}}}
,"D:\\Projects\\te.js\\database\\mongodb.js": {"path":"D:\\Projects\\te.js\\database\\mongodb.js","statementMap":{"0":{"start":{"line":8,"column":18},"end":{"line":8,"column":49}},"1":{"start":{"line":9,"column":18},"end":{"line":9,"column":42}},"2":{"start":{"line":11,"column":15},"end":{"line":11,"column":56}},"3":{"start":{"line":14,"column":26},"end":{"line":14,"column":68}},"4":{"start":{"line":15,"column":26},"end":{"line":20,"column":3}},"5":{"start":{"line":22,"column":2},"end":{"line":46,"column":3}},"6":{"start":{"line":23,"column":24},"end":{"line":25,"column":5}},"7":{"start":{"line":26,"column":26},"end":{"line":26,"column":62}},"8":{"start":{"line":28,"column":24},"end":{"line":28,"column":29}},"9":{"start":{"line":29,"column":4},"end":{"line":34,"column":5}},"10":{"start":{"line":30,"column":6},"end":{"line":30,"column":48}},"11":{"start":{"line":31,"column":6},"end":{"line":31,"column":27}},"12":{"start":{"line":33,"column":6},"end":{"line":33,"column":28}},"13":{"start":{"line":36,"column":4},"end":{"line":43,"column":6}},"14":{"start":{"line":45,"column":4},"end":{"line":45,"column":73}},"15":{"start":{"line":50,"column":18},"end":{"line":50,"column":39}},"16":{"start":{"line":51,"column":16},"end":{"line":51,"column":17}},"17":{"start":{"line":54,"column":2},"end":{"line":92,"column":3}},"18":{"start":{"line":55,"column":37},"end":{"line":55,"column":64}},"19":{"start":{"line":57,"column":4},"end":{"line":59,"column":5}},"20":{"start":{"line":58,"column":6},"end":{"line":58,"column":18}},"21":{"start":{"line":62,"column":4},"end":{"line":65,"column":12}},"22":{"start":{"line":63,"column":6},"end":{"line":63,"column":75}},"23":{"start":{"line":64,"column":6},"end":{"line":64,"column":47}},"24":{"start":{"line":67,"column":4},"end":{"line":67,"column":62}},"25":{"start":{"line":69,"column":20},"end":{"line":69,"column":68}},"26":{"start":{"line":70,"column":19},"end":{"line":73,"column":6}},"27":{"start":{"line":75,"column":4},"end":{"line":75,"column":31}},"28":{"start":{"line":76,"column":4},"end":{"line":76,"column":30}},"29":{"start":{"line":78,"column":4},"end":{"line":84,"column":5}},"30":{"start":{"line":79,"column":6},"end":{"line":79,"column":53}},"31":{"start":{"line":80,"column":6},"end":{"line":80,"column":18}},"32":{"start":{"line":82,"column":6},"end":{"line":82,"column":51}},"33":{"start":{"line":83,"column":6},"end":{"line":83,"column":19}},"34":{"start":{"line":86,"column":4},"end":{"line":89,"column":5}},"35":{"start":{"line":87,"column":6},"end":{"line":87,"column":33}},"36":{"start":{"line":88,"column":6},"end":{"line":88,"column":32}},"37":{"start":{"line":90,"column":4},"end":{"line":90,"column":54}},"38":{"start":{"line":91,"column":4},"end":{"line":91,"column":17}},"39":{"start":{"line":103,"column":27},"end":{"line":103,"column":60}},"40":{"start":{"line":105,"column":2},"end":{"line":110,"column":3}},"41":{"start":{"line":106,"column":22},"end":{"line":106,"column":43}},"42":{"start":{"line":107,"column":4},"end":{"line":109,"column":5}},"43":{"start":{"line":108,"column":6},"end":{"line":108,"column":77}},"44":{"start":{"line":112,"column":32},"end":{"line":112,"column":38}},"45":{"start":{"line":114,"column":2},"end":{"line":135,"column":3}},"46":{"start":{"line":115,"column":34},"end":{"line":115,"column":58}},"47":{"start":{"line":116,"column":23},"end":{"line":116,"column":68}},"48":{"start":{"line":118,"column":4},"end":{"line":120,"column":6}},"49":{"start":{"line":119,"column":6},"end":{"line":119,"column":52}},"50":{"start":{"line":121,"column":4},"end":{"line":123,"column":7}},"51":{"start":{"line":122,"column":6},"end":{"line":122,"column":49}},"52":{"start":{"line":124,"column":4},"end":{"line":126,"column":7}},"53":{"start":{"line":125,"column":6},"end":{"line":125,"column":54}},"54":{"start":{"line":128,"column":4},"end":{"line":128,"column":22}},"55":{"start":{"line":130,"column":4},"end":{"line":130,"column":64}},"56":{"start":{"line":131,"column":4},"end":{"line":134,"column":6}},"57":{"start":{"line":144,"column":2},"end":{"line":146,"column":3}},"58":{"start":{"line":145,"column":4},"end":{"line":145,"column":29}}},"fnMap":{"0":{"name":"checkMongooseInstallation","decl":{"start":{"line":13,"column":15},"end":{"line":13,"column":40}},"loc":{"start":{"line":13,"column":43},"end":{"line":47,"column":1}},"line":13},"1":{"name":"installMongooseSync","decl":{"start":{"line":49,"column":9},"end":{"line":49,"column":28}},"loc":{"start":{"line":49,"column":31},"end":{"line":93,"column":1}},"line":49},"2":{"name":"(anonymous_2)","decl":{"start":{"line":62,"column":29},"end":{"line":62,"column":30}},"loc":{"start":{"line":62,"column":35},"end":{"line":65,"column":5}},"line":62},"3":{"name":"createConnection","decl":{"start":{"line":102,"column":15},"end":{"line":102,"column":31}},"loc":{"start":{"line":102,"column":40},"end":{"line":136,"column":1}},"line":102},"4":{"name":"(anonymous_4)","decl":{"start":{"line":118,"column":27},"end":{"line":118,"column":28}},"loc":{"start":{"line":119,"column":6},"end":{"line":119,"column":52}},"line":119},"5":{"name":"(anonymous_5)","decl":{"start":{"line":121,"column":31},"end":{"line":121,"column":32}},"loc":{"start":{"line":121,"column":37},"end":{"line":123,"column":5}},"line":121},"6":{"name":"(anonymous_6)","decl":{"start":{"line":124,"column":34},"end":{"line":124,"column":35}},"loc":{"start":{"line":124,"column":40},"end":{"line":126,"column":5}},"line":124},"7":{"name":"closeConnection","decl":{"start":{"line":143,"column":15},"end":{"line":143,"column":30}},"loc":{"start":{"line":143,"column":43},"end":{"line":147,"column":1}},"line":143}},"branchMap":{"0":{"loc":{"start":{"line":37,"column":20},"end":{"line":37,"column":52}},"type":"binary-expr","locations":[{"start":{"line":37,"column":20},"end":{"line":37,"column":34}},{"start":{"line":37,"column":38},"end":{"line":37,"column":52}}],"line":37},"1":{"loc":{"start":{"line":38,"column":14},"end":{"line":42,"column":16}},"type":"cond-expr","locations":[{"start":{"line":39,"column":10},"end":{"line":39,"column":31}},{"start":{"line":40,"column":10},"end":{"line":42,"column":16}}],"line":38},"2":{"loc":{"start":{"line":40,"column":10},"end":{"line":42,"column":16}},"type":"cond-expr","locations":[{"start":{"line":41,"column":12},"end":{"line":41,"column":33}},{"start":{"line":42,"column":12},"end":{"line":42,"column":16}}],"line":40},"3":{"loc":{"start":{"line":57,"column":4},"end":{"line":59,"column":5}},"type":"if","locations":[{"start":{"line":57,"column":4},"end":{"line":59,"column":5}},{"start":{},"end":{}}],"line":57},"4":{"loc":{"start":{"line":69,"column":20},"end":{"line":69,"column":68}},"type":"cond-expr","locations":[{"start":{"line":69,"column":51},"end":{"line":69,"column":60}},{"start":{"line":69,"column":63},"end":{"line":69,"column":68}}],"line":69},"5":{"loc":{"start":{"line":78,"column":4},"end":{"line":84,"column":5}},"type":"if","locations":[{"start":{"line":78,"column":4},"end":{"line":84,"column":5}},{"start":{"line":81,"column":11},"end":{"line":84,"column":5}}],"line":78},"6":{"loc":{"start":{"line":86,"column":4},"end":{"line":89,"column":5}},"type":"if","locations":[{"start":{"line":86,"column":4},"end":{"line":89,"column":5}},{"start":{},"end":{}}],"line":86},"7":{"loc":{"start":{"line":105,"column":2},"end":{"line":110,"column":3}},"type":"if","locations":[{"start":{"line":105,"column":2},"end":{"line":110,"column":3}},{"start":{},"end":{}}],"line":105},"8":{"loc":{"start":{"line":107,"column":4},"end":{"line":109,"column":5}},"type":"if","locations":[{"start":{"line":107,"column":4},"end":{"line":109,"column":5}},{"start":{},"end":{}}],"line":107},"9":{"loc":{"start":{"line":112,"column":15},"end":{"line":112,"column":27}},"type":"default-arg","locations":[{"start":{"line":112,"column":25},"end":{"line":112,"column":27}}],"line":112},"10":{"loc":{"start":{"line":144,"column":2},"end":{"line":146,"column":3}},"type":"if","locations":[{"start":{"line":144,"column":2},"end":{"line":146,"column":3}},{"start":{},"end":{}}],"line":144}},"s":{"0":0,"1":0,"2":0,"3":0,"4":0,"5":0,"6":0,"7":0,"8":0,"9":0,"10":0,"11":0,"12":0,"13":0,"14":0,"15":0,"16":0,"17":0,"18":0,"19":0,"20":0,"21":0,"22":0,"23":0,"24":0,"25":0,"26":0,"27":0,"28":0,"29":0,"30":0,"31":0,"32":0,"33":0,"34":0,"35":0,"36":0,"37":0,"38":0,"39":0,"40":0,"41":0,"42":0,"43":0,"44":0,"45":0,"46":0,"47":0,"48":0,"49":0,"50":0,"51":0,"52":0,"53":0,"54":0,"55":0,"56":0,"57":0,"58":0},"f":{"0":0,"1":0,"2":0,"3":0,"4":0,"5":0,"6":0,"7":0},"b":{"0":[0,0],"1":[0,0],"2":[0,0],"3":[0,0],"4":[0,0],"5":[0,0],"6":[0,0],"7":[0,0],"8":[0,0],"9":[0],"10":[0,0]},"meta":{"lastBranch":11,"lastFunction":8,"lastStatement":59,"seen":{"s:8:18:8:49":0,"s:9:18:9:42":1,"s:11:15:11:56":2,"f:13:15:13:40":0,"s:14:26:14:68":3,"s:15:26:20:3":4,"s:22:2:46:3":5,"s:23:24:25:5":6,"s:26:26:26:62":7,"s:28:24:28:29":8,"s:29:4:34:5":9,"s:30:6:30:48":10,"s:31:6:31:27":11,"s:33:6:33:28":12,"s:36:4:43:6":13,"b:37:20:37:34:37:38:37:52":0,"b:39:10:39:31:40:10:42:16":1,"b:41:12:41:33:42:12:42:16":2,"s:45:4:45:73":14,"f:49:9:49:28":1,"s:50:18:50:39":15,"s:51:16:51:17":16,"s:54:2:92:3":17,"s:55:37:55:64":18,"b:57:4:59:5:undefined:undefined:undefined:undefined":3,"s:57:4:59:5":19,"s:58:6:58:18":20,"s:62:4:65:12":21,"f:62:29:62:30":2,"s:63:6:63:75":22,"s:64:6:64:47":23,"s:67:4:67:62":24,"s:69:20:69:68":25,"b:69:51:69:60:69:63:69:68":4,"s:70:19:73:6":26,"s:75:4:75:31":27,"s:76:4:76:30":28,"b:78:4:84:5:81:11:84:5":5,"s:78:4:84:5":29,"s:79:6:79:53":30,"s:80:6:80:18":31,"s:82:6:82:51":32,"s:83:6:83:19":33,"b:86:4:89:5:undefined:undefined:undefined:undefined":6,"s:86:4:89:5":34,"s:87:6:87:33":35,"s:88:6:88:32":36,"s:90:4:90:54":37,"s:91:4:91:17":38,"f:102:15:102:31":3,"s:103:27:103:60":39,"b:105:2:110:3:undefined:undefined:undefined:undefined":7,"s:105:2:110:3":40,"s:106:22:106:43":41,"b:107:4:109:5:undefined:undefined:undefined:undefined":8,"s:107:4:109:5":42,"s:108:6:108:77":43,"s:112:32:112:38":44,"b:112:25:112:27":9,"s:114:2:135:3":45,"s:115:34:115:58":46,"s:116:23:116:68":47,"s:118:4:120:6":48,"f:118:27:118:28":4,"s:119:6:119:52":49,"s:121:4:123:7":50,"f:121:31:121:32":5,"s:122:6:122:49":51,"s:124:4:126:7":52,"f:124:34:124:35":6,"s:125:6:125:54":53,"s:128:4:128:22":54,"s:130:4:130:64":55,"s:131:4:134:6":56,"f:143:15:143:30":7,"b:144:2:146:3:undefined:undefined:undefined:undefined":10,"s:144:2:146:3":57,"s:145:4:145:29":58}}}
,"D:\\Projects\\te.js\\database\\redis.js": {"path":"D:\\Projects\\te.js\\database\\redis.js","statementMap":{"0":{"start":{"line":8,"column":24},"end":{"line":8,"column":64}},"1":{"start":{"line":9,"column":20},"end":{"line":9,"column":71}},"2":{"start":{"line":11,"column":15},"end":{"line":11,"column":54}},"3":{"start":{"line":14,"column":2},"end":{"line":39,"column":3}},"4":{"start":{"line":15,"column":24},"end":{"line":17,"column":5}},"5":{"start":{"line":18,"column":26},"end":{"line":18,"column":59}},"6":{"start":{"line":20,"column":24},"end":{"line":20,"column":29}},"7":{"start":{"line":21,"column":4},"end":{"line":26,"column":5}},"8":{"start":{"line":22,"column":6},"end":{"line":22,"column":44}},"9":{"start":{"line":23,"column":6},"end":{"line":23,"column":27}},"10":{"start":{"line":25,"column":6},"end":{"line":25,"column":28}},"11":{"start":{"line":28,"column":4},"end":{"line":35,"column":6}},"12":{"start":{"line":37,"column":4},"end":{"line":37,"column":30}},"13":{"start":{"line":38,"column":4},"end":{"line":38,"column":73}},"14":{"start":{"line":43,"column":18},"end":{"line":43,"column":39}},"15":{"start":{"line":44,"column":16},"end":{"line":44,"column":17}},"16":{"start":{"line":47,"column":2},"end":{"line":85,"column":3}},"17":{"start":{"line":48,"column":37},"end":{"line":48,"column":61}},"18":{"start":{"line":50,"column":4},"end":{"line":52,"column":5}},"19":{"start":{"line":51,"column":6},"end":{"line":51,"column":18}},"20":{"start":{"line":55,"column":4},"end":{"line":58,"column":12}},"21":{"start":{"line":56,"column":6},"end":{"line":56,"column":72}},"22":{"start":{"line":57,"column":6},"end":{"line":57,"column":47}},"23":{"start":{"line":60,"column":4},"end":{"line":60,"column":59}},"24":{"start":{"line":62,"column":20},"end":{"line":62,"column":68}},"25":{"start":{"line":63,"column":18},"end":{"line":66,"column":6}},"26":{"start":{"line":68,"column":4},"end":{"line":68,"column":31}},"27":{"start":{"line":69,"column":4},"end":{"line":69,"column":30}},"28":{"start":{"line":71,"column":4},"end":{"line":77,"column":5}},"29":{"start":{"line":72,"column":6},"end":{"line":72,"column":50}},"30":{"start":{"line":73,"column":6},"end":{"line":73,"column":18}},"31":{"start":{"line":75,"column":6},"end":{"line":75,"column":48}},"32":{"start":{"line":76,"column":6},"end":{"line":76,"column":19}},"33":{"start":{"line":79,"column":4},"end":{"line":82,"column":5}},"34":{"start":{"line":80,"column":6},"end":{"line":80,"column":33}},"35":{"start":{"line":81,"column":6},"end":{"line":81,"column":32}},"36":{"start":{"line":83,"column":4},"end":{"line":83,"column":30}},"37":{"start":{"line":84,"column":4},"end":{"line":84,"column":17}},"38":{"start":{"line":96,"column":27},"end":{"line":96,"column":57}},"39":{"start":{"line":98,"column":2},"end":{"line":103,"column":3}},"40":{"start":{"line":99,"column":22},"end":{"line":99,"column":40}},"41":{"start":{"line":100,"column":4},"end":{"line":102,"column":5}},"42":{"start":{"line":101,"column":6},"end":{"line":101,"column":74}},"43":{"start":{"line":105,"column":46},"end":{"line":105,"column":52}},"44":{"start":{"line":108,"column":2},"end":{"line":193,"column":3}},"45":{"start":{"line":109,"column":44},"end":{"line":111,"column":5}},"46":{"start":{"line":113,"column":4},"end":{"line":121,"column":5}},"47":{"start":{"line":114,"column":6},"end":{"line":116,"column":9}},"48":{"start":{"line":118,"column":6},"end":{"line":120,"column":9}},"49":{"start":{"line":124,"column":23},"end":{"line":124,"column":28}},"50":{"start":{"line":125,"column":29},"end":{"line":125,"column":30}},"51":{"start":{"line":126,"column":23},"end":{"line":126,"column":46}},"52":{"start":{"line":132,"column":8},"end":{"line":132,"column":31}},"53":{"start":{"line":134,"column":4},"end":{"line":139,"column":40}},"54":{"start":{"line":135,"column":6},"end":{"line":138,"column":7}},"55":{"start":{"line":136,"column":8},"end":{"line":136,"column":38}},"56":{"start":{"line":137,"column":8},"end":{"line":137,"column":72}},"57":{"start":{"line":141,"column":4},"end":{"line":154,"column":7}},"58":{"start":{"line":142,"column":6},"end":{"line":142,"column":59}},"59":{"start":{"line":143,"column":6},"end":{"line":152,"column":7}},"60":{"start":{"line":144,"column":8},"end":{"line":144,"column":40}},"61":{"start":{"line":145,"column":8},"end":{"line":145,"column":38}},"62":{"start":{"line":146,"column":8},"end":{"line":151,"column":10}},"63":{"start":{"line":153,"column":6},"end":{"line":153,"column":27}},"64":{"start":{"line":156,"column":4},"end":{"line":162,"column":7}},"65":{"start":{"line":157,"column":6},"end":{"line":157,"column":26}},"66":{"start":{"line":158,"column":6},"end":{"line":158,"column":38}},"67":{"start":{"line":159,"column":6},"end":{"line":161,"column":8}},"68":{"start":{"line":164,"column":4},"end":{"line":167,"column":7}},"69":{"start":{"line":165,"column":6},"end":{"line":165,"column":33}},"70":{"start":{"line":166,"column":6},"end":{"line":166,"column":32}},"71":{"start":{"line":169,"column":4},"end":{"line":171,"column":7}},"72":{"start":{"line":170,"column":6},"end":{"line":170,"column":45}},"73":{"start":{"line":173,"column":4},"end":{"line":173,"column":27}},"74":{"start":{"line":174,"column":4},"end":{"line":174,"column":28}},"75":{"start":{"line":176,"column":4},"end":{"line":176,"column":18}},"76":{"start":{"line":178,"column":4},"end":{"line":187,"column":5}},"77":{"start":{"line":179,"column":6},"end":{"line":186,"column":7}},"78":{"start":{"line":180,"column":8},"end":{"line":180,"column":28}},"79":{"start":{"line":182,"column":8},"end":{"line":185,"column":10}},"80":{"start":{"line":188,"column":4},"end":{"line":188,"column":70}},"81":{"start":{"line":189,"column":4},"end":{"line":192,"column":6}},"82":{"start":{"line":202,"column":2},"end":{"line":204,"column":3}},"83":{"start":{"line":203,"column":4},"end":{"line":203,"column":24}}},"fnMap":{"0":{"name":"checkRedisInstallation","decl":{"start":{"line":13,"column":15},"end":{"line":13,"column":37}},"loc":{"start":{"line":13,"column":40},"end":{"line":40,"column":1}},"line":13},"1":{"name":"installRedisSync","decl":{"start":{"line":42,"column":9},"end":{"line":42,"column":25}},"loc":{"start":{"line":42,"column":28},"end":{"line":86,"column":1}},"line":42},"2":{"name":"(anonymous_2)","decl":{"start":{"line":55,"column":29},"end":{"line":55,"column":30}},"loc":{"start":{"line":55,"column":35},"end":{"line":58,"column":5}},"line":55},"3":{"name":"createConnection","decl":{"start":{"line":95,"column":15},"end":{"line":95,"column":31}},"loc":{"start":{"line":95,"column":40},"end":{"line":194,"column":1}},"line":95},"4":{"name":"(anonymous_4)","decl":{"start":{"line":134,"column":35},"end":{"line":134,"column":36}},"loc":{"start":{"line":134,"column":41},"end":{"line":139,"column":5}},"line":134},"5":{"name":"(anonymous_5)","decl":{"start":{"line":136,"column":28},"end":{"line":136,"column":29}},"loc":{"start":{"line":136,"column":34},"end":{"line":136,"column":36}},"line":136},"6":{"name":"(anonymous_6)","decl":{"start":{"line":141,"column":23},"end":{"line":141,"column":24}},"loc":{"start":{"line":141,"column":32},"end":{"line":154,"column":5}},"line":141},"7":{"name":"(anonymous_7)","decl":{"start":{"line":145,"column":28},"end":{"line":145,"column":29}},"loc":{"start":{"line":145,"column":34},"end":{"line":145,"column":36}},"line":145},"8":{"name":"(anonymous_8)","decl":{"start":{"line":156,"column":25},"end":{"line":156,"column":26}},"loc":{"start":{"line":156,"column":31},"end":{"line":162,"column":5}},"line":156},"9":{"name":"(anonymous_9)","decl":{"start":{"line":164,"column":23},"end":{"line":164,"column":24}},"loc":{"start":{"line":164,"column":29},"end":{"line":167,"column":5}},"line":164},"10":{"name":"(anonymous_10)","decl":{"start":{"line":169,"column":21},"end":{"line":169,"column":22}},"loc":{"start":{"line":169,"column":27},"end":{"line":171,"column":5}},"line":169},"11":{"name":"closeConnection","decl":{"start":{"line":201,"column":15},"end":{"line":201,"column":30}},"loc":{"start":{"line":201,"column":39},"end":{"line":205,"column":1}},"line":201}},"branchMap":{"0":{"loc":{"start":{"line":29,"column":20},"end":{"line":29,"column":52}},"type":"binary-expr","locations":[{"start":{"line":29,"column":20},"end":{"line":29,"column":34}},{"start":{"line":29,"column":38},"end":{"line":29,"column":52}}],"line":29},"1":{"loc":{"start":{"line":30,"column":14},"end":{"line":34,"column":16}},"type":"cond-expr","locations":[{"start":{"line":31,"column":10},"end":{"line":31,"column":31}},{"start":{"line":32,"column":10},"end":{"line":34,"column":16}}],"line":30},"2":{"loc":{"start":{"line":32,"column":10},"end":{"line":34,"column":16}},"type":"cond-expr","locations":[{"start":{"line":33,"column":12},"end":{"line":33,"column":33}},{"start":{"line":34,"column":12},"end":{"line":34,"column":16}}],"line":32},"3":{"loc":{"start":{"line":50,"column":4},"end":{"line":52,"column":5}},"type":"if","locations":[{"start":{"line":50,"column":4},"end":{"line":52,"column":5}},{"start":{},"end":{}}],"line":50},"4":{"loc":{"start":{"line":62,"column":20},"end":{"line":62,"column":68}},"type":"cond-expr","locations":[{"start":{"line":62,"column":51},"end":{"line":62,"column":60}},{"start":{"line":62,"column":63},"end":{"line":62,"column":68}}],"line":62},"5":{"loc":{"start":{"line":71,"column":4},"end":{"line":77,"column":5}},"type":"if","locations":[{"start":{"line":71,"column":4},"end":{"line":77,"column":5}},{"start":{"line":74,"column":11},"end":{"line":77,"column":5}}],"line":71},"6":{"loc":{"start":{"line":79,"column":4},"end":{"line":82,"column":5}},"type":"if","locations":[{"start":{"line":79,"column":4},"end":{"line":82,"column":5}},{"start":{},"end":{}}],"line":79},"7":{"loc":{"start":{"line":98,"column":2},"end":{"line":103,"column":3}},"type":"if","locations":[{"start":{"line":98,"column":2},"end":{"line":103,"column":3}},{"start":{},"end":{}}],"line":98},"8":{"loc":{"start":{"line":100,"column":4},"end":{"line":102,"column":5}},"type":"if","locations":[{"start":{"line":100,"column":4},"end":{"line":102,"column":5}},{"start":{},"end":{}}],"line":100},"9":{"loc":{"start":{"line":105,"column":10},"end":{"line":105,"column":27}},"type":"default-arg","locations":[{"start":{"line":105,"column":22},"end":{"line":105,"column":27}}],"line":105},"10":{"loc":{"start":{"line":105,"column":29},"end":{"line":105,"column":41}},"type":"default-arg","locations":[{"start":{"line":105,"column":39},"end":{"line":105,"column":41}}],"line":105},"11":{"loc":{"start":{"line":113,"column":4},"end":{"line":121,"column":5}},"type":"if","locations":[{"start":{"line":113,"column":4},"end":{"line":121,"column":5}},{"start":{"line":117,"column":11},"end":{"line":121,"column":5}}],"line":113},"12":{"loc":{"start":{"line":126,"column":23},"end":{"line":126,"column":46}},"type":"binary-expr","locations":[{"start":{"line":126,"column":23},"end":{"line":126,"column":41}},{"start":{"line":126,"column":45},"end":{"line":126,"column":46}}],"line":126},"13":{"loc":{"start":{"line":135,"column":6},"end":{"line":138,"column":7}},"type":"if","locations":[{"start":{"line":135,"column":6},"end":{"line":138,"column":7}},{"start":{},"end":{}}],"line":135},"14":{"loc":{"start":{"line":139,"column":7},"end":{"line":139,"column":38}},"type":"binary-expr","locations":[{"start":{"line":139,"column":7},"end":{"line":139,"column":29}},{"start":{"line":139,"column":33},"end":{"line":139,"column":38}}],"line":139},"15":{"loc":{"start":{"line":143,"column":6},"end":{"line":152,"column":7}},"type":"if","locations":[{"start":{"line":143,"column":6},"end":{"line":152,"column":7}},{"start":{},"end":{}}],"line":143},"16":{"loc":{"start":{"line":143,"column":10},"end":{"line":143,"column":59}},"type":"binary-expr","locations":[{"start":{"line":143,"column":10},"end":{"line":143,"column":23}},{"start":{"line":143,"column":27},"end":{"line":143,"column":59}}],"line":143},"17":{"loc":{"start":{"line":160,"column":30},"end":{"line":160,"column":83}},"type":"binary-expr","locations":[{"start":{"line":160,"column":30},"end":{"line":160,"column":50}},{"start":{"line":160,"column":54},"end":{"line":160,"column":83}}],"line":160},"18":{"loc":{"start":{"line":178,"column":4},"end":{"line":187,"column":5}},"type":"if","locations":[{"start":{"line":178,"column":4},"end":{"line":187,"column":5}},{"start":{},"end":{}}],"line":178},"19":{"loc":{"start":{"line":202,"column":2},"end":{"line":204,"column":3}},"type":"if","locations":[{"start":{"line":202,"column":2},"end":{"line":204,"column":3}},{"start":{},"end":{}}],"line":202}},"s":{"0":0,"1":0,"2":0,"3":0,"4":0,"5":0,"6":0,"7":0,"8":0,"9":0,"10":0,"11":0,"12":0,"13":0,"14":0,"15":0,"16":0,"17":0,"18":0,"19":0,"20":0,"21":0,"22":0,"23":0,"24":0,"25":0,"26":0,"27":0,"28":0,"29":0,"30":0,"31":0,"32":0,"33":0,"34":0,"35":0,"36":0,"37":0,"38":0,"39":0,"40":0,"41":0,"42":0,"43":0,"44":0,"45":0,"46":0,"47":0,"48":0,"49":0,"50":0,"51":0,"52":0,"53":0,"54":0,"55":0,"56":0,"57":0,"58":0,"59":0,"60":0,"61":0,"62":0,"63":0,"64":0,"65":0,"66":0,"67":0,"68":0,"69":0,"70":0,"71":0,"72":0,"73":0,"74":0,"75":0,"76":0,"77":0,"78":0,"79":0,"80":0,"81":0,"82":0,"83":0},"f":{"0":0,"1":0,"2":0,"3":0,"4":0,"5":0,"6":0,"7":0,"8":0,"9":0,"10":0,"11":0},"b":{"0":[0,0],"1":[0,0],"2":[0,0],"3":[0,0],"4":[0,0],"5":[0,0],"6":[0,0],"7":[0,0],"8":[0,0],"9":[0],"10":[0],"11":[0,0],"12":[0,0],"13":[0,0],"14":[0,0],"15":[0,0],"16":[0,0],"17":[0,0],"18":[0,0],"19":[0,0]},"meta":{"lastBranch":20,"lastFunction":12,"lastStatement":84,"seen":{"s:8:24:8:64":0,"s:9:20:9:71":1,"s:11:15:11:54":2,"f:13:15:13:37":0,"s:14:2:39:3":3,"s:15:24:17:5":4,"s:18:26:18:59":5,"s:20:24:20:29":6,"s:21:4:26:5":7,"s:22:6:22:44":8,"s:23:6:23:27":9,"s:25:6:25:28":10,"s:28:4:35:6":11,"b:29:20:29:34:29:38:29:52":0,"b:31:10:31:31:32:10:34:16":1,"b:33:12:33:33:34:12:34:16":2,"s:37:4:37:30":12,"s:38:4:38:73":13,"f:42:9:42:25":1,"s:43:18:43:39":14,"s:44:16:44:17":15,"s:47:2:85:3":16,"s:48:37:48:61":17,"b:50:4:52:5:undefined:undefined:undefined:undefined":3,"s:50:4:52:5":18,"s:51:6:51:18":19,"s:55:4:58:12":20,"f:55:29:55:30":2,"s:56:6:56:72":21,"s:57:6:57:47":22,"s:60:4:60:59":23,"s:62:20:62:68":24,"b:62:51:62:60:62:63:62:68":4,"s:63:18:66:6":25,"s:68:4:68:31":26,"s:69:4:69:30":27,"b:71:4:77:5:74:11:77:5":5,"s:71:4:77:5":28,"s:72:6:72:50":29,"s:73:6:73:18":30,"s:75:6:75:48":31,"s:76:6:76:19":32,"b:79:4:82:5:undefined:undefined:undefined:undefined":6,"s:79:4:82:5":33,"s:80:6:80:33":34,"s:81:6:81:32":35,"s:83:4:83:30":36,"s:84:4:84:17":37,"f:95:15:95:31":3,"s:96:27:96:57":38,"b:98:2:103:3:undefined:undefined:undefined:undefined":7,"s:98:2:103:3":39,"s:99:22:99:40":40,"b:100:4:102:5:undefined:undefined:undefined:undefined":8,"s:100:4:102:5":41,"s:101:6:101:74":42,"s:105:46:105:52":43,"b:105:22:105:27":9,"b:105:39:105:41":10,"s:108:2:193:3":44,"s:109:44:111:5":45,"b:113:4:121:5:117:11:121:5":11,"s:113:4:121:5":46,"s:114:6:116:9":47,"s:118:6:120:9":48,"s:124:23:124:28":49,"s:125:29:125:30":50,"s:126:23:126:46":51,"b:126:23:126:41:126:45:126:46":12,"s:132:8:132:31":52,"s:134:4:139:40":53,"f:134:35:134:36":4,"b:135:6:138:7:undefined:undefined:undefined:undefined":13,"s:135:6:138:7":54,"s:136:8:136:38":55,"f:136:28:136:29":5,"s:137:8:137:72":56,"b:139:7:139:29:139:33:139:38":14,"s:141:4:154:7":57,"f:141:23:141:24":6,"s:142:6:142:59":58,"b:143:6:152:7:undefined:undefined:undefined:undefined":15,"s:143:6:152:7":59,"b:143:10:143:23:143:27:143:59":16,"s:144:8:144:40":60,"s:145:8:145:38":61,"f:145:28:145:29":7,"s:146:8:151:10":62,"s:153:6:153:27":63,"s:156:4:162:7":64,"f:156:25:156:26":8,"s:157:6:157:26":65,"s:158:6:158:38":66,"s:159:6:161:8":67,"b:160:30:160:50:160:54:160:83":17,"s:164:4:167:7":68,"f:164:23:164:24":9,"s:165:6:165:33":69,"s:166:6:166:32":70,"s:169:4:171:7":71,"f:169:21:169:22":10,"s:170:6:170:45":72,"s:173:4:173:27":73,"s:174:4:174:28":74,"s:176:4:176:18":75,"b:178:4:187:5:undefined:undefined:undefined:undefined":18,"s:178:4:187:5":76,"s:179:6:186:7":77,"s:180:8:180:28":78,"s:182:8:185:10":79,"s:188:4:188:70":80,"s:189:4:192:6":81,"f:201:15:201:30":11,"b:202:2:204:3:undefined:undefined:undefined:undefined":19,"s:202:2:204:3":82,"s:203:4:203:24":83}}}
,"D:\\Projects\\te.js\\rate-limit\\base.js": {"path":"D:\\Projects\\te.js\\rate-limit\\base.js","statementMap":{"0":{"start":{"line":50,"column":4},"end":{"line":56,"column":6}},"1":{"start":{"line":59,"column":4},"end":{"line":64,"column":5}},"2":{"start":{"line":60,"column":6},"end":{"line":63,"column":8}},"3":{"start":{"line":66,"column":4},"end":{"line":71,"column":5}},"4":{"start":{"line":67,"column":6},"end":{"line":70,"column":8}},"5":{"start":{"line":73,"column":4},"end":{"line":78,"column":5}},"6":{"start":{"line":74,"column":6},"end":{"line":77,"column":8}},"7":{"start":{"line":81,"column":4},"end":{"line":87,"column":13}},"8":{"start":{"line":89,"column":4},"end":{"line":95,"column":13}},"9":{"start":{"line":97,"column":4},"end":{"line":102,"column":13}},"10":{"start":{"line":105,"column":4},"end":{"line":116,"column":5}},"11":{"start":{"line":106,"column":6},"end":{"line":111,"column":7}},"12":{"start":{"line":107,"column":8},"end":{"line":110,"column":10}},"13":{"start":{"line":112,"column":26},"end":{"line":112,"column":58}},"14":{"start":{"line":113,"column":6},"end":{"line":113,"column":51}},"15":{"start":{"line":115,"column":6},"end":{"line":115,"column":41}},"16":{"start":{"line":126,"column":4},"end":{"line":126,"column":52}},"17":{"start":{"line":142,"column":4},"end":{"line":142,"column":47}},"18":{"start":{"line":152,"column":4},"end":{"line":161,"column":5}},"19":{"start":{"line":154,"column":8},"end":{"line":154,"column":39}},"20":{"start":{"line":156,"column":8},"end":{"line":156,"column":41}},"21":{"start":{"line":158,"column":8},"end":{"line":158,"column":39}},"22":{"start":{"line":160,"column":8},"end":{"line":160,"column":20}}},"fnMap":{"0":{"name":"(anonymous_0)","decl":{"start":{"line":48,"column":2},"end":{"line":48,"column":13}},"loc":{"start":{"line":48,"column":23},"end":{"line":117,"column":3}},"line":48},"1":{"name":"(anonymous_1)","decl":{"start":{"line":125,"column":2},"end":{"line":125,"column":8}},"loc":{"start":{"line":125,"column":21},"end":{"line":127,"column":3}},"line":125},"2":{"name":"(anonymous_2)","decl":{"start":{"line":141,"column":8},"end":{"line":141,"column":15}},"loc":{"start":{"line":141,"column":28},"end":{"line":143,"column":3}},"line":141},"3":{"name":"(anonymous_3)","decl":{"start":{"line":151,"column":2},"end":{"line":151,"column":21}},"loc":{"start":{"line":151,"column":28},"end":{"line":162,"column":3}},"line":151}},"branchMap":{"0":{"loc":{"start":{"line":59,"column":4},"end":{"line":64,"column":5}},"type":"if","locations":[{"start":{"line":59,"column":4},"end":{"line":64,"column":5}},{"start":{},"end":{}}],"line":59},"1":{"loc":{"start":{"line":59,"column":8},"end":{"line":59,"column":66}},"type":"binary-expr","locations":[{"start":{"line":59,"column":8},"end":{"line":59,"column":34}},{"start":{"line":59,"column":38},"end":{"line":59,"column":66}}],"line":59},"2":{"loc":{"start":{"line":66,"column":4},"end":{"line":71,"column":5}},"type":"if","locations":[{"start":{"line":66,"column":4},"end":{"line":71,"column":5}},{"start":{},"end":{}}],"line":66},"3":{"loc":{"start":{"line":66,"column":8},"end":{"line":66,"column":64}},"type":"binary-expr","locations":[{"start":{"line":66,"column":8},"end":{"line":66,"column":34}},{"start":{"line":66,"column":38},"end":{"line":66,"column":64}}],"line":66},"4":{"loc":{"start":{"line":73,"column":4},"end":{"line":78,"column":5}},"type":"if","locations":[{"start":{"line":73,"column":4},"end":{"line":78,"column":5}},{"start":{},"end":{}}],"line":73},"5":{"loc":{"start":{"line":73,"column":8},"end":{"line":73,"column":66}},"type":"binary-expr","locations":[{"start":{"line":73,"column":8},"end":{"line":73,"column":36}},{"start":{"line":73,"column":40},"end":{"line":73,"column":66}}],"line":73},"6":{"loc":{"start":{"line":81,"column":30},"end":{"line":87,"column":12}},"type":"cond-expr","locations":[{"start":{"line":82,"column":8},"end":{"line":86,"column":9}},{"start":{"line":87,"column":8},"end":{"line":87,"column":12}}],"line":81},"7":{"loc":{"start":{"line":89,"column":32},"end":{"line":95,"column":12}},"type":"cond-expr","locations":[{"start":{"line":90,"column":8},"end":{"line":94,"column":9}},{"start":{"line":95,"column":8},"end":{"line":95,"column":12}}],"line":89},"8":{"loc":{"start":{"line":97,"column":30},"end":{"line":102,"column":12}},"type":"cond-expr","locations":[{"start":{"line":98,"column":8},"end":{"line":101,"column":9}},{"start":{"line":102,"column":8},"end":{"line":102,"column":12}}],"line":97},"9":{"loc":{"start":{"line":105,"column":4},"end":{"line":116,"column":5}},"type":"if","locations":[{"start":{"line":105,"column":4},"end":{"line":116,"column":5}},{"start":{"line":114,"column":11},"end":{"line":116,"column":5}}],"line":105},"10":{"loc":{"start":{"line":106,"column":6},"end":{"line":111,"column":7}},"type":"if","locations":[{"start":{"line":106,"column":6},"end":{"line":111,"column":7}},{"start":{},"end":{}}],"line":106},"11":{"loc":{"start":{"line":152,"column":4},"end":{"line":161,"column":5}},"type":"switch","locations":[{"start":{"line":153,"column":6},"end":{"line":154,"column":39}},{"start":{"line":155,"column":6},"end":{"line":156,"column":41}},{"start":{"line":157,"column":6},"end":{"line":158,"column":39}},{"start":{"line":159,"column":6},"end":{"line":160,"column":20}}],"line":152}},"s":{"0":3,"1":3,"2":0,"3":3,"4":0,"5":3,"6":0,"7":3,"8":3,"9":3,"10":3,"11":0,"12":0,"13":0,"14":0,"15":3,"16":2,"17":0,"18":2,"19":0,"20":2,"21":0,"22":0},"f":{"0":3,"1":2,"2":0,"3":2},"b":{"0":[0,3],"1":[3,0],"2":[0,3],"3":[3,0],"4":[0,3],"5":[3,3],"6":[0,3],"7":[3,0],"8":[0,3],"9":[0,3],"10":[0,0],"11":[0,2,0,0]},"meta":{"lastBranch":12,"lastFunction":4,"lastStatement":23,"seen":{"f:48:2:48:13":0,"s:50:4:56:6":0,"b:59:4:64:5:undefined:undefined:undefined:undefined":0,"s:59:4:64:5":1,"b:59:8:59:34:59:38:59:66":1,"s:60:6:63:8":2,"b:66:4:71:5:undefined:undefined:undefined:undefined":2,"s:66:4:71:5":3,"b:66:8:66:34:66:38:66:64":3,"s:67:6:70:8":4,"b:73:4:78:5:undefined:undefined:undefined:undefined":4,"s:73:4:78:5":5,"b:73:8:73:36:73:40:73:66":5,"s:74:6:77:8":6,"s:81:4:87:13":7,"b:82:8:86:9:87:8:87:12":6,"s:89:4:95:13":8,"b:90:8:94:9:95:8:95:12":7,"s:97:4:102:13":9,"b:98:8:101:9:102:8:102:12":8,"b:105:4:116:5:114:11:116:5":9,"s:105:4:116:5":10,"b:106:6:111:7:undefined:undefined:undefined:undefined":10,"s:106:6:111:7":11,"s:107:8:110:10":12,"s:112:26:112:58":13,"s:113:6:113:51":14,"s:115:6:115:41":15,"f:125:2:125:8":1,"s:126:4:126:52":16,"f:141:8:141:15":2,"s:142:4:142:47":17,"f:151:2:151:21":3,"b:153:6:154:39:155:6:156:41:157:6:158:39:159:6:160:20":11,"s:152:4:161:5":18,"s:154:8:154:39":19,"s:156:8:156:41":20,"s:158:8:158:39":21,"s:160:8:160:20":22}}}
,"D:\\Projects\\te.js\\rate-limit\\index.js": {"path":"D:\\Projects\\te.js\\rate-limit\\index.js","statementMap":{"0":{"start":{"line":40,"column":6},"end":{"line":40,"column":13}},"1":{"start":{"line":36,"column":29},"end":{"line":36,"column":36}},"2":{"start":{"line":43,"column":2},"end":{"line":48,"column":3}},"3":{"start":{"line":44,"column":4},"end":{"line":47,"column":6}},"4":{"start":{"line":50,"column":20},"end":{"line":50,"column":39}},"5":{"start":{"line":51,"column":2},"end":{"line":51,"column":50}},"6":{"start":{"line":52,"column":2},"end":{"line":52,"column":54}},"7":{"start":{"line":53,"column":2},"end":{"line":53,"column":50}},"8":{"start":{"line":55,"column":20},"end":{"line":55,"column":40}},"9":{"start":{"line":56,"column":2},"end":{"line":61,"column":3}},"10":{"start":{"line":57,"column":4},"end":{"line":60,"column":6}},"11":{"start":{"line":63,"column":24},"end":{"line":68,"column":4}},"12":{"start":{"line":72,"column":2},"end":{"line":84,"column":3}},"13":{"start":{"line":74,"column":6},"end":{"line":74,"column":58}},"14":{"start":{"line":75,"column":6},"end":{"line":75,"column":12}},"15":{"start":{"line":77,"column":6},"end":{"line":77,"column":60}},"16":{"start":{"line":78,"column":6},"end":{"line":78,"column":12}},"17":{"start":{"line":80,"column":6},"end":{"line":80,"column":58}},"18":{"start":{"line":81,"column":6},"end":{"line":81,"column":12}},"19":{"start":{"line":83,"column":6},"end":{"line":83,"column":61}},"20":{"start":{"line":87,"column":30},"end":{"line":124,"column":3}},"21":{"start":{"line":88,"column":66},"end":{"line":88,"column":78}},"22":{"start":{"line":89,"column":24},"end":{"line":89,"column":62}},"23":{"start":{"line":90,"column":22},"end":{"line":90,"column":58}},"24":{"start":{"line":92,"column":4},"end":{"line":110,"column":5}},"25":{"start":{"line":94,"column":6},"end":{"line":94,"column":73}},"26":{"start":{"line":95,"column":6},"end":{"line":95,"column":74}},"27":{"start":{"line":98,"column":6},"end":{"line":103,"column":7}},"28":{"start":{"line":99,"column":27},"end":{"line":99,"column":75}},"29":{"start":{"line":100,"column":8},"end":{"line":100,"column":58}},"30":{"start":{"line":102,"column":8},"end":{"line":102,"column":64}},"31":{"start":{"line":106,"column":6},"end":{"line":109,"column":7}},"32":{"start":{"line":107,"column":23},"end":{"line":107,"column":94}},"33":{"start":{"line":108,"column":8},"end":{"line":108,"column":55}},"34":{"start":{"line":112,"column":4},"end":{"line":117,"column":5}},"35":{"start":{"line":114,"column":6},"end":{"line":114,"column":75}},"36":{"start":{"line":115,"column":6},"end":{"line":115,"column":76}},"37":{"start":{"line":116,"column":6},"end":{"line":116,"column":64}},"38":{"start":{"line":120,"column":4},"end":{"line":123,"column":5}},"39":{"start":{"line":121,"column":25},"end":{"line":121,"column":73}},"40":{"start":{"line":122,"column":6},"end":{"line":122,"column":52}},"41":{"start":{"line":127,"column":2},"end":{"line":141,"column":4}},"42":{"start":{"line":128,"column":16},"end":{"line":128,"column":58}},"43":{"start":{"line":129,"column":19},"end":{"line":129,"column":45}},"44":{"start":{"line":131,"column":4},"end":{"line":131,"column":38}},"45":{"start":{"line":133,"column":4},"end":{"line":138,"column":5}},"46":{"start":{"line":134,"column":6},"end":{"line":136,"column":7}},"47":{"start":{"line":135,"column":8},"end":{"line":135,"column":35}},"48":{"start":{"line":137,"column":6},"end":{"line":137,"column":50}},"49":{"start":{"line":140,"column":4},"end":{"line":140,"column":17}}},"fnMap":{"0":{"name":"rateLimiter","decl":{"start":{"line":32,"column":9},"end":{"line":32,"column":20}},"loc":{"start":{"line":32,"column":30},"end":{"line":142,"column":1}},"line":32},"1":{"name":"(anonymous_1)","decl":{"start":{"line":36,"column":19},"end":{"line":36,"column":20}},"loc":{"start":{"line":36,"column":29},"end":{"line":36,"column":36}},"line":36},"2":{"name":"(anonymous_2)","decl":{"start":{"line":87,"column":30},"end":{"line":87,"column":31}},"loc":{"start":{"line":87,"column":48},"end":{"line":124,"column":3}},"line":87},"3":{"name":"(anonymous_3)","decl":{"start":{"line":127,"column":9},"end":{"line":127,"column":14}},"loc":{"start":{"line":127,"column":31},"end":{"line":141,"column":3}},"line":127}},"branchMap":{"0":{"loc":{"start":{"line":34,"column":4},"end":{"line":34,"column":32}},"type":"default-arg","locations":[{"start":{"line":34,"column":16},"end":{"line":34,"column":32}}],"line":34},"1":{"loc":{"start":{"line":35,"column":4},"end":{"line":35,"column":20}},"type":"default-arg","locations":[{"start":{"line":35,"column":12},"end":{"line":35,"column":20}}],"line":35},"2":{"loc":{"start":{"line":36,"column":4},"end":{"line":36,"column":36}},"type":"default-arg","locations":[{"start":{"line":36,"column":19},"end":{"line":36,"column":36}}],"line":36},"3":{"loc":{"start":{"line":37,"column":4},"end":{"line":37,"column":39}},"type":"default-arg","locations":[{"start":{"line":37,"column":19},"end":{"line":37,"column":39}}],"line":37},"4":{"loc":{"start":{"line":43,"column":2},"end":{"line":48,"column":3}},"type":"if","locations":[{"start":{"line":43,"column":2},"end":{"line":48,"column":3}},{"start":{},"end":{}}],"line":43},"5":{"loc":{"start":{"line":43,"column":6},"end":{"line":43,"column":64}},"type":"binary-expr","locations":[{"start":{"line":43,"column":6},"end":{"line":43,"column":23}},{"start":{"line":43,"column":27},"end":{"line":43,"column":64}}],"line":43},"6":{"loc":{"start":{"line":56,"column":2},"end":{"line":61,"column":3}},"type":"if","locations":[{"start":{"line":56,"column":2},"end":{"line":61,"column":3}},{"start":{},"end":{}}],"line":56},"7":{"loc":{"start":{"line":66,"column":17},"end":{"line":66,"column":54}},"type":"binary-expr","locations":[{"start":{"line":66,"column":17},"end":{"line":66,"column":48}},{"start":{"line":66,"column":52},"end":{"line":66,"column":54}}],"line":66},"8":{"loc":{"start":{"line":72,"column":2},"end":{"line":84,"column":3}},"type":"switch","locations":[{"start":{"line":73,"column":4},"end":{"line":75,"column":12}},{"start":{"line":76,"column":4},"end":{"line":78,"column":12}},{"start":{"line":79,"column":4},"end":{"line":81,"column":12}},{"start":{"line":82,"column":4},"end":{"line":83,"column":61}}],"line":72},"9":{"loc":{"start":{"line":88,"column":12},"end":{"line":88,"column":29}},"type":"default-arg","locations":[{"start":{"line":88,"column":19},"end":{"line":88,"column":29}}],"line":88},"10":{"loc":{"start":{"line":88,"column":31},"end":{"line":88,"column":45}},"type":"default-arg","locations":[{"start":{"line":88,"column":40},"end":{"line":88,"column":45}}],"line":88},"11":{"loc":{"start":{"line":88,"column":47},"end":{"line":88,"column":61}},"type":"default-arg","locations":[{"start":{"line":88,"column":56},"end":{"line":88,"column":61}}],"line":88},"12":{"loc":{"start":{"line":89,"column":24},"end":{"line":89,"column":62}},"type":"binary-expr","locations":[{"start":{"line":89,"column":24},"end":{"line":89,"column":43}},{"start":{"line":89,"column":47},"end":{"line":89,"column":62}}],"line":89},"13":{"loc":{"start":{"line":90,"column":22},"end":{"line":90,"column":58}},"type":"binary-expr","locations":[{"start":{"line":90,"column":22},"end":{"line":90,"column":39}},{"start":{"line":90,"column":43},"end":{"line":90,"column":58}}],"line":90},"14":{"loc":{"start":{"line":92,"column":4},"end":{"line":110,"column":5}},"type":"if","locations":[{"start":{"line":92,"column":4},"end":{"line":110,"column":5}},{"start":{},"end":{}}],"line":92},"15":{"loc":{"start":{"line":98,"column":6},"end":{"line":103,"column":7}},"type":"if","locations":[{"start":{"line":98,"column":6},"end":{"line":103,"column":7}},{"start":{"line":101,"column":13},"end":{"line":103,"column":7}}],"line":98},"16":{"loc":{"start":{"line":106,"column":6},"end":{"line":109,"column":7}},"type":"if","locations":[{"start":{"line":106,"column":6},"end":{"line":109,"column":7}},{"start":{},"end":{}}],"line":106},"17":{"loc":{"start":{"line":112,"column":4},"end":{"line":117,"column":5}},"type":"if","locations":[{"start":{"line":112,"column":4},"end":{"line":117,"column":5}},{"start":{},"end":{}}],"line":112},"18":{"loc":{"start":{"line":120,"column":4},"end":{"line":123,"column":5}},"type":"if","locations":[{"start":{"line":120,"column":4},"end":{"line":123,"column":5}},{"start":{},"end":{}}],"line":120},"19":{"loc":{"start":{"line":128,"column":16},"end":{"line":128,"column":58}},"type":"binary-expr","locations":[{"start":{"line":128,"column":16},"end":{"line":128,"column":34}},{"start":{"line":128,"column":38},"end":{"line":128,"column":45}},{"start":{"line":128,"column":49},"end":{"line":128,"column":58}}],"line":128},"20":{"loc":{"start":{"line":133,"column":4},"end":{"line":138,"column":5}},"type":"if","locations":[{"start":{"line":133,"column":4},"end":{"line":138,"column":5}},{"start":{},"end":{}}],"line":133},"21":{"loc":{"start":{"line":134,"column":6},"end":{"line":136,"column":7}},"type":"if","locations":[{"start":{"line":134,"column":6},"end":{"line":136,"column":7}},{"start":{},"end":{}}],"line":134}},"s":{"0":5,"1":2,"2":5,"3":1,"4":4,"5":4,"6":4,"7":4,"8":4,"9":4,"10":1,"11":3,"12":5,"13":0,"14":0,"15":3,"16":3,"17":0,"18":0,"19":0,"20":3,"21":2,"22":2,"23":2,"24":2,"25":2,"26":2,"27":2,"28":0,"29":0,"30":2,"31":2,"32":0,"33":0,"34":2,"35":0,"36":0,"37":0,"38":2,"39":0,"40":0,"41":3,"42":2,"43":2,"44":2,"45":2,"46":0,"47":0,"48":0,"49":2},"f":{"0":5,"1":2,"2":2,"3":2},"b":{"0":[5],"1":[5],"2":[2],"3":[5],"4":[1,4],"5":[5,1],"6":[1,3],"7":[3,3],"8":[0,3,0,0],"9":[2],"10":[2],"11":[2],"12":[2,0],"13":[2,2],"14":[2,0],"15":[0,2],"16":[0,2],"17":[0,2],"18":[0,2],"19":[2,0,0],"20":[0,2],"21":[0,0]},"meta":{"lastBranch":22,"lastFunction":4,"lastStatement":50,"seen":{"f:32:9:32:20":0,"s:40:6:40:13":0,"b:34:16:34:32":0,"b:35:12:35:20":1,"b:36:19:36:36":2,"f:36:19:36:20":1,"s:36:29:36:36":1,"b:37:19:37:39":3,"b:43:2:48:3:undefined:undefined:undefined:undefined":4,"s:43:2:48:3":2,"b:43:6:43:23:43:27:43:64":5,"s:44:4:47:6":3,"s:50:20:50:39":4,"s:51:2:51:50":5,"s:52:2:52:54":6,"s:53:2:53:50":7,"s:55:20:55:40":8,"b:56:2:61:3:undefined:undefined:undefined:undefined":6,"s:56:2:61:3":9,"s:57:4:60:6":10,"s:63:24:68:4":11,"b:66:17:66:48:66:52:66:54":7,"b:73:4:75:12:76:4:78:12:79:4:81:12:82:4:83:61":8,"s:72:2:84:3":12,"s:74:6:74:58":13,"s:75:6:75:12":14,"s:77:6:77:60":15,"s:78:6:78:12":16,"s:80:6:80:58":17,"s:81:6:81:12":18,"s:83:6:83:61":19,"s:87:30:124:3":20,"f:87:30:87:31":2,"s:88:66:88:78":21,"b:88:19:88:29":9,"b:88:40:88:45":10,"b:88:56:88:61":11,"s:89:24:89:62":22,"b:89:24:89:43:89:47:89:62":12,"s:90:22:90:58":23,"b:90:22:90:39:90:43:90:58":13,"b:92:4:110:5:undefined:undefined:undefined:undefined":14,"s:92:4:110:5":24,"s:94:6:94:73":25,"s:95:6:95:74":26,"b:98:6:103:7:101:13:103:7":15,"s:98:6:103:7":27,"s:99:27:99:75":28,"s:100:8:100:58":29,"s:102:8:102:64":30,"b:106:6:109:7:undefined:undefined:undefined:undefined":16,"s:106:6:109:7":31,"s:107:23:107:94":32,"s:108:8:108:55":33,"b:112:4:117:5:undefined:undefined:undefined:undefined":17,"s:112:4:117:5":34,"s:114:6:114:75":35,"s:115:6:115:76":36,"s:116:6:116:64":37,"b:120:4:123:5:undefined:undefined:undefined:undefined":18,"s:120:4:123:5":38,"s:121:25:121:73":39,"s:122:6:122:52":40,"s:127:2:141:4":41,"f:127:9:127:14":3,"s:128:16:128:58":42,"b:128:16:128:34:128:38:128:45:128:49:128:58":19,"s:129:19:129:45":43,"s:131:4:131:38":44,"b:133:4:138:5:undefined:undefined:undefined:undefined":20,"s:133:4:138:5":45,"b:134:6:136:7:undefined:undefined:undefined:undefined":21,"s:134:6:136:7":46,"s:135:8:135:35":47,"s:137:6:137:50":48,"s:140:4:140:17":49}}}
,"D:\\Projects\\te.js\\rate-limit\\algorithms\\fixed-window.js": {"path":"D:\\Projects\\te.js\\rate-limit\\algorithms\\fixed-window.js","statementMap":{"0":{"start":{"line":45,"column":4},"end":{"line":47,"column":5}},"1":{"start":{"line":46,"column":6},"end":{"line":46,"column":37}},"2":{"start":{"line":48,"column":4},"end":{"line":48,"column":19}},"3":{"start":{"line":50,"column":4},"end":{"line":55,"column":5}},"4":{"start":{"line":51,"column":6},"end":{"line":54,"column":8}},"5":{"start":{"line":68,"column":16},"end":{"line":68,"column":39}},"6":{"start":{"line":69,"column":16},"end":{"line":69,"column":26}},"7":{"start":{"line":70,"column":20},"end":{"line":70,"column":60}},"8":{"start":{"line":73,"column":24},"end":{"line":76,"column":11}},"9":{"start":{"line":78,"column":19},"end":{"line":78,"column":46}},"10":{"start":{"line":79,"column":4},"end":{"line":96,"column":5}},"11":{"start":{"line":80,"column":6},"end":{"line":87,"column":8}},"12":{"start":{"line":89,"column":6},"end":{"line":95,"column":8}},"13":{"start":{"line":99,"column":4},"end":{"line":116,"column":5}},"14":{"start":{"line":100,"column":6},"end":{"line":107,"column":8}},"15":{"start":{"line":109,"column":6},"end":{"line":115,"column":8}},"16":{"start":{"line":118,"column":4},"end":{"line":126,"column":5}},"17":{"start":{"line":119,"column":6},"end":{"line":125,"column":8}},"18":{"start":{"line":128,"column":4},"end":{"line":128,"column":21}},"19":{"start":{"line":129,"column":4},"end":{"line":129,"column":72}},"20":{"start":{"line":131,"column":4},"end":{"line":137,"column":6}}},"fnMap":{"0":{"name":"(anonymous_0)","decl":{"start":{"line":44,"column":2},"end":{"line":44,"column":13}},"loc":{"start":{"line":44,"column":23},"end":{"line":56,"column":3}},"line":44},"1":{"name":"(anonymous_1)","decl":{"start":{"line":67,"column":8},"end":{"line":67,"column":15}},"loc":{"start":{"line":67,"column":28},"end":{"line":138,"column":3}},"line":67}},"branchMap":{"0":{"loc":{"start":{"line":45,"column":4},"end":{"line":47,"column":5}},"type":"if","locations":[{"start":{"line":45,"column":4},"end":{"line":47,"column":5}},{"start":{},"end":{}}],"line":45},"1":{"loc":{"start":{"line":50,"column":4},"end":{"line":55,"column":5}},"type":"if","locations":[{"start":{"line":50,"column":4},"end":{"line":55,"column":5}},{"start":{},"end":{}}],"line":50},"2":{"loc":{"start":{"line":73,"column":24},"end":{"line":76,"column":11}},"type":"cond-expr","locations":[{"start":{"line":74,"column":8},"end":{"line":75,"column":47}},{"start":{"line":76,"column":8},"end":{"line":76,"column":11}}],"line":73},"3":{"loc":{"start":{"line":79,"column":4},"end":{"line":96,"column":5}},"type":"if","locations":[{"start":{"line":79,"column":4},"end":{"line":96,"column":5}},{"start":{},"end":{}}],"line":79},"4":{"loc":{"start":{"line":99,"column":4},"end":{"line":116,"column":5}},"type":"if","locations":[{"start":{"line":99,"column":4},"end":{"line":116,"column":5}},{"start":{},"end":{}}],"line":99},"5":{"loc":{"start":{"line":99,"column":8},"end":{"line":99,"column":62}},"type":"binary-expr","locations":[{"start":{"line":99,"column":8},"end":{"line":99,"column":28}},{"start":{"line":99,"column":32},"end":{"line":99,"column":62}}],"line":99},"6":{"loc":{"start":{"line":118,"column":4},"end":{"line":126,"column":5}},"type":"if","locations":[{"start":{"line":118,"column":4},"end":{"line":126,"column":5}},{"start":{},"end":{}}],"line":118}},"s":{"0":0,"1":0,"2":0,"3":0,"4":0,"5":0,"6":0,"7":0,"8":0,"9":0,"10":0,"11":0,"12":0,"13":0,"14":0,"15":0,"16":0,"17":0,"18":0,"19":0,"20":0},"f":{"0":0,"1":0},"b":{"0":[0,0],"1":[0,0],"2":[0,0],"3":[0,0],"4":[0,0],"5":[0,0],"6":[0,0]},"meta":{"lastBranch":7,"lastFunction":2,"lastStatement":21,"seen":{"f:44:2:44:13":0,"b:45:4:47:5:undefined:undefined:undefined:undefined":0,"s:45:4:47:5":0,"s:46:6:46:37":1,"s:48:4:48:19":2,"b:50:4:55:5:undefined:undefined:undefined:undefined":1,"s:50:4:55:5":3,"s:51:6:54:8":4,"f:67:8:67:15":1,"s:68:16:68:39":5,"s:69:16:69:26":6,"s:70:20:70:60":7,"s:73:24:76:11":8,"b:74:8:75:47:76:8:76:11":2,"s:78:19:78:46":9,"b:79:4:96:5:undefined:undefined:undefined:undefined":3,"s:79:4:96:5":10,"s:80:6:87:8":11,"s:89:6:95:8":12,"b:99:4:116:5:undefined:undefined:undefined:undefined":4,"s:99:4:116:5":13,"b:99:8:99:28:99:32:99:62":5,"s:100:6:107:8":14,"s:109:6:115:8":15,"b:118:4:126:5:undefined:undefined:undefined:undefined":6,"s:118:4:126:5":16,"s:119:6:125:8":17,"s:128:4:128:21":18,"s:129:4:129:72":19,"s:131:4:137:6":20}}}
,"D:\\Projects\\te.js\\rate-limit\\algorithms\\sliding-window.js": {"path":"D:\\Projects\\te.js\\rate-limit\\algorithms\\sliding-window.js","statementMap":{"0":{"start":{"line":49,"column":4},"end":{"line":51,"column":5}},"1":{"start":{"line":50,"column":6},"end":{"line":50,"column":39}},"2":{"start":{"line":52,"column":4},"end":{"line":52,"column":19}},"3":{"start":{"line":54,"column":4},"end":{"line":59,"column":5}},"4":{"start":{"line":55,"column":6},"end":{"line":58,"column":8}},"5":{"start":{"line":72,"column":16},"end":{"line":72,"column":39}},"6":{"start":{"line":73,"column":16},"end":{"line":73,"column":26}},"7":{"start":{"line":74,"column":20},"end":{"line":74,"column":62}},"8":{"start":{"line":76,"column":19},"end":{"line":76,"column":46}},"9":{"start":{"line":77,"column":4},"end":{"line":95,"column":5}},"10":{"start":{"line":78,"column":6},"end":{"line":88,"column":8}},"11":{"start":{"line":90,"column":6},"end":{"line":94,"column":8}},"12":{"start":{"line":99,"column":6},"end":{"line":100,"column":34}},"13":{"start":{"line":102,"column":6},"end":{"line":102,"column":64}},"14":{"start":{"line":105,"column":34},"end":{"line":107,"column":12}},"15":{"start":{"line":106,"column":14},"end":{"line":106,"column":38}},"16":{"start":{"line":108,"column":35},"end":{"line":110,"column":12}},"17":{"start":{"line":109,"column":14},"end":{"line":109,"column":66}},"18":{"start":{"line":114,"column":6},"end":{"line":115,"column":55}},"19":{"start":{"line":117,"column":4},"end":{"line":125,"column":5}},"20":{"start":{"line":118,"column":6},"end":{"line":124,"column":8}},"21":{"start":{"line":128,"column":4},"end":{"line":130,"column":6}},"22":{"start":{"line":129,"column":14},"end":{"line":129,"column":39}},"23":{"start":{"line":131,"column":4},"end":{"line":131,"column":32}},"24":{"start":{"line":132,"column":4},"end":{"line":132,"column":44}},"25":{"start":{"line":133,"column":4},"end":{"line":133,"column":72}},"26":{"start":{"line":135,"column":4},"end":{"line":143,"column":6}}},"fnMap":{"0":{"name":"(anonymous_0)","decl":{"start":{"line":48,"column":2},"end":{"line":48,"column":13}},"loc":{"start":{"line":48,"column":23},"end":{"line":60,"column":3}},"line":48},"1":{"name":"(anonymous_1)","decl":{"start":{"line":71,"column":8},"end":{"line":71,"column":15}},"loc":{"start":{"line":71,"column":28},"end":{"line":144,"column":3}},"line":71},"2":{"name":"(anonymous_2)","decl":{"start":{"line":106,"column":6},"end":{"line":106,"column":7}},"loc":{"start":{"line":106,"column":14},"end":{"line":106,"column":38}},"line":106},"3":{"name":"(anonymous_3)","decl":{"start":{"line":109,"column":6},"end":{"line":109,"column":7}},"loc":{"start":{"line":109,"column":14},"end":{"line":109,"column":66}},"line":109},"4":{"name":"(anonymous_4)","decl":{"start":{"line":129,"column":6},"end":{"line":129,"column":7}},"loc":{"start":{"line":129,"column":14},"end":{"line":129,"column":39}},"line":129}},"branchMap":{"0":{"loc":{"start":{"line":49,"column":4},"end":{"line":51,"column":5}},"type":"if","locations":[{"start":{"line":49,"column":4},"end":{"line":51,"column":5}},{"start":{},"end":{}}],"line":49},"1":{"loc":{"start":{"line":54,"column":4},"end":{"line":59,"column":5}},"type":"if","locations":[{"start":{"line":54,"column":4},"end":{"line":59,"column":5}},{"start":{},"end":{}}],"line":54},"2":{"loc":{"start":{"line":77,"column":4},"end":{"line":95,"column":5}},"type":"if","locations":[{"start":{"line":77,"column":4},"end":{"line":95,"column":5}},{"start":{},"end":{}}],"line":77},"3":{"loc":{"start":{"line":109,"column":14},"end":{"line":109,"column":66}},"type":"binary-expr","locations":[{"start":{"line":109,"column":14},"end":{"line":109,"column":39}},{"start":{"line":109,"column":43},"end":{"line":109,"column":66}}],"line":109},"4":{"loc":{"start":{"line":117,"column":4},"end":{"line":125,"column":5}},"type":"if","locations":[{"start":{"line":117,"column":4},"end":{"line":125,"column":5}},{"start":{},"end":{}}],"line":117}},"s":{"0":3,"1":0,"2":3,"3":3,"4":0,"5":2,"6":2,"7":2,"8":2,"9":2,"10":2,"11":2,"12":0,"13":0,"14":0,"15":0,"16":0,"17":0,"18":0,"19":0,"20":0,"21":0,"22":0,"23":0,"24":0,"25":0,"26":0},"f":{"0":3,"1":2,"2":0,"3":0,"4":0},"b":{"0":[0,3],"1":[0,3],"2":[2,0],"3":[0,0],"4":[0,0]},"meta":{"lastBranch":5,"lastFunction":5,"lastStatement":27,"seen":{"f:48:2:48:13":0,"b:49:4:51:5:undefined:undefined:undefined:undefined":0,"s:49:4:51:5":0,"s:50:6:50:39":1,"s:52:4:52:19":2,"b:54:4:59:5:undefined:undefined:undefined:undefined":1,"s:54:4:59:5":3,"s:55:6:58:8":4,"f:71:8:71:15":1,"s:72:16:72:39":5,"s:73:16:73:26":6,"s:74:20:74:62":7,"s:76:19:76:46":8,"b:77:4:95:5:undefined:undefined:undefined:undefined":2,"s:77:4:95:5":9,"s:78:6:88:8":10,"s:90:6:94:8":11,"s:99:6:100:34":12,"s:102:6:102:64":13,"s:105:34:107:12":14,"f:106:6:106:7":2,"s:106:14:106:38":15,"s:108:35:110:12":16,"f:109:6:109:7":3,"s:109:14:109:66":17,"b:109:14:109:39:109:43:109:66":3,"s:114:6:115:55":18,"b:117:4:125:5:undefined:undefined:undefined:undefined":4,"s:117:4:125:5":19,"s:118:6:124:8":20,"s:128:4:130:6":21,"f:129:6:129:7":4,"s:129:14:129:39":22,"s:131:4:131:32":23,"s:132:4:132:44":24,"s:133:4:133:72":25,"s:135:4:143:6":26}}}
,"D:\\Projects\\te.js\\rate-limit\\algorithms\\token-bucket.js": {"path":"D:\\Projects\\te.js\\rate-limit\\algorithms\\token-bucket.js","statementMap":{"0":{"start":{"line":41,"column":4},"end":{"line":43,"column":5}},"1":{"start":{"line":42,"column":6},"end":{"line":42,"column":37}},"2":{"start":{"line":44,"column":4},"end":{"line":44,"column":19}},"3":{"start":{"line":46,"column":4},"end":{"line":51,"column":5}},"4":{"start":{"line":47,"column":6},"end":{"line":50,"column":8}},"5":{"start":{"line":64,"column":16},"end":{"line":64,"column":39}},"6":{"start":{"line":65,"column":16},"end":{"line":65,"column":26}},"7":{"start":{"line":66,"column":20},"end":{"line":66,"column":65}},"8":{"start":{"line":68,"column":19},"end":{"line":68,"column":46}},"9":{"start":{"line":69,"column":4},"end":{"line":84,"column":5}},"10":{"start":{"line":70,"column":6},"end":{"line":77,"column":8}},"11":{"start":{"line":79,"column":6},"end":{"line":83,"column":8}},"12":{"start":{"line":87,"column":23},"end":{"line":87,"column":46}},"13":{"start":{"line":88,"column":25},"end":{"line":88,"column":77}},"14":{"start":{"line":90,"column":4},"end":{"line":90,"column":78}},"15":{"start":{"line":91,"column":4},"end":{"line":91,"column":28}},"16":{"start":{"line":93,"column":4},"end":{"line":102,"column":5}},"17":{"start":{"line":94,"column":30},"end":{"line":96,"column":7}},"18":{"start":{"line":97,"column":6},"end":{"line":101,"column":8}},"19":{"start":{"line":104,"column":4},"end":{"line":104,"column":20}},"20":{"start":{"line":105,"column":4},"end":{"line":105,"column":72}},"21":{"start":{"line":107,"column":4},"end":{"line":111,"column":6}}},"fnMap":{"0":{"name":"(anonymous_0)","decl":{"start":{"line":40,"column":2},"end":{"line":40,"column":13}},"loc":{"start":{"line":40,"column":23},"end":{"line":52,"column":3}},"line":40},"1":{"name":"(anonymous_1)","decl":{"start":{"line":63,"column":8},"end":{"line":63,"column":15}},"loc":{"start":{"line":63,"column":28},"end":{"line":112,"column":3}},"line":63}},"branchMap":{"0":{"loc":{"start":{"line":41,"column":4},"end":{"line":43,"column":5}},"type":"if","locations":[{"start":{"line":41,"column":4},"end":{"line":43,"column":5}},{"start":{},"end":{}}],"line":41},"1":{"loc":{"start":{"line":46,"column":4},"end":{"line":51,"column":5}},"type":"if","locations":[{"start":{"line":46,"column":4},"end":{"line":51,"column":5}},{"start":{},"end":{}}],"line":46},"2":{"loc":{"start":{"line":69,"column":4},"end":{"line":84,"column":5}},"type":"if","locations":[{"start":{"line":69,"column":4},"end":{"line":84,"column":5}},{"start":{},"end":{}}],"line":69},"3":{"loc":{"start":{"line":93,"column":4},"end":{"line":102,"column":5}},"type":"if","locations":[{"start":{"line":93,"column":4},"end":{"line":102,"column":5}},{"start":{},"end":{}}],"line":93}},"s":{"0":0,"1":0,"2":0,"3":0,"4":0,"5":0,"6":0,"7":0,"8":0,"9":0,"10":0,"11":0,"12":0,"13":0,"14":0,"15":0,"16":0,"17":0,"18":0,"19":0,"20":0,"21":0},"f":{"0":0,"1":0},"b":{"0":[0,0],"1":[0,0],"2":[0,0],"3":[0,0]},"meta":{"lastBranch":4,"lastFunction":2,"lastStatement":22,"seen":{"f:40:2:40:13":0,"b:41:4:43:5:undefined:undefined:undefined:undefined":0,"s:41:4:43:5":0,"s:42:6:42:37":1,"s:44:4:44:19":2,"b:46:4:51:5:undefined:undefined:undefined:undefined":1,"s:46:4:51:5":3,"s:47:6:50:8":4,"f:63:8:63:15":1,"s:64:16:64:39":5,"s:65:16:65:26":6,"s:66:20:66:65":7,"s:68:19:68:46":8,"b:69:4:84:5:undefined:undefined:undefined:undefined":2,"s:69:4:84:5":9,"s:70:6:77:8":10,"s:79:6:83:8":11,"s:87:23:87:46":12,"s:88:25:88:77":13,"s:90:4:90:78":14,"s:91:4:91:28":15,"b:93:4:102:5:undefined:undefined:undefined:undefined":3,"s:93:4:102:5":16,"s:94:30:96:7":17,"s:97:6:101:8":18,"s:104:4:104:20":19,"s:105:4:105:72":20,"s:107:4:111:6":21}}}
,"D:\\Projects\\te.js\\rate-limit\\storage\\base.js": {"path":"D:\\Projects\\te.js\\rate-limit\\storage\\base.js","statementMap":{"0":{"start":{"line":50,"column":4},"end":{"line":50,"column":47}},"1":{"start":{"line":67,"column":4},"end":{"line":67,"column":47}},"2":{"start":{"line":85,"column":4},"end":{"line":85,"column":47}},"3":{"start":{"line":100,"column":4},"end":{"line":100,"column":47}}},"fnMap":{"0":{"name":"(anonymous_0)","decl":{"start":{"line":49,"column":8},"end":{"line":49,"column":11}},"loc":{"start":{"line":49,"column":17},"end":{"line":51,"column":3}},"line":49},"1":{"name":"(anonymous_1)","decl":{"start":{"line":66,"column":8},"end":{"line":66,"column":11}},"loc":{"start":{"line":66,"column":29},"end":{"line":68,"column":3}},"line":66},"2":{"name":"(anonymous_2)","decl":{"start":{"line":84,"column":8},"end":{"line":84,"column":17}},"loc":{"start":{"line":84,"column":23},"end":{"line":86,"column":3}},"line":84},"3":{"name":"(anonymous_3)","decl":{"start":{"line":99,"column":8},"end":{"line":99,"column":14}},"loc":{"start":{"line":99,"column":20},"end":{"line":101,"column":3}},"line":99}},"branchMap":{},"s":{"0":0,"1":0,"2":0,"3":0},"f":{"0":0,"1":0,"2":0,"3":0},"b":{},"meta":{"lastBranch":0,"lastFunction":4,"lastStatement":4,"seen":{"f:49:8:49:11":0,"s:50:4:50:47":0,"f:66:8:66:11":1,"s:67:4:67:47":1,"f:84:8:84:17":2,"s:85:4:85:47":2,"f:99:8:99:14":3,"s:100:4:100:47":3}}}
,"D:\\Projects\\te.js\\rate-limit\\storage\\memory.js": {"path":"D:\\Projects\\te.js\\rate-limit\\storage\\memory.js","statementMap":{"0":{"start":{"line":42,"column":4},"end":{"line":42,"column":12}},"1":{"start":{"line":43,"column":4},"end":{"line":43,"column":27}},"2":{"start":{"line":53,"column":17},"end":{"line":53,"column":36}},"3":{"start":{"line":54,"column":4},"end":{"line":54,"column":27}},"4":{"start":{"line":54,"column":15},"end":{"line":54,"column":27}},"5":{"start":{"line":55,"column":4},"end":{"line":58,"column":5}},"6":{"start":{"line":56,"column":6},"end":{"line":56,"column":29}},"7":{"start":{"line":57,"column":6},"end":{"line":57,"column":18}},"8":{"start":{"line":59,"column":4},"end":{"line":59,"column":22}},"9":{"start":{"line":71,"column":4},"end":{"line":74,"column":7}},"10":{"start":{"line":84,"column":17},"end":{"line":84,"column":36}},"11":{"start":{"line":85,"column":4},"end":{"line":85,"column":27}},"12":{"start":{"line":85,"column":15},"end":{"line":85,"column":27}},"13":{"start":{"line":86,"column":4},"end":{"line":86,"column":43}},"14":{"start":{"line":87,"column":4},"end":{"line":87,"column":67}},"15":{"start":{"line":88,"column":4},"end":{"line":88,"column":24}},"16":{"start":{"line":98,"column":4},"end":{"line":98,"column":27}}},"fnMap":{"0":{"name":"(anonymous_0)","decl":{"start":{"line":41,"column":2},"end":{"line":41,"column":13}},"loc":{"start":{"line":41,"column":16},"end":{"line":44,"column":3}},"line":41},"1":{"name":"(anonymous_1)","decl":{"start":{"line":52,"column":8},"end":{"line":52,"column":11}},"loc":{"start":{"line":52,"column":17},"end":{"line":60,"column":3}},"line":52},"2":{"name":"(anonymous_2)","decl":{"start":{"line":70,"column":8},"end":{"line":70,"column":11}},"loc":{"start":{"line":70,"column":29},"end":{"line":75,"column":3}},"line":70},"3":{"name":"(anonymous_3)","decl":{"start":{"line":83,"column":8},"end":{"line":83,"column":17}},"loc":{"start":{"line":83,"column":23},"end":{"line":89,"column":3}},"line":83},"4":{"name":"(anonymous_4)","decl":{"start":{"line":97,"column":8},"end":{"line":97,"column":14}},"loc":{"start":{"line":97,"column":20},"end":{"line":99,"column":3}},"line":97}},"branchMap":{"0":{"loc":{"start":{"line":54,"column":4},"end":{"line":54,"column":27}},"type":"if","locations":[{"start":{"line":54,"column":4},"end":{"line":54,"column":27}},{"start":{},"end":{}}],"line":54},"1":{"loc":{"start":{"line":55,"column":4},"end":{"line":58,"column":5}},"type":"if","locations":[{"start":{"line":55,"column":4},"end":{"line":58,"column":5}},{"start":{},"end":{}}],"line":55},"2":{"loc":{"start":{"line":85,"column":4},"end":{"line":85,"column":27}},"type":"if","locations":[{"start":{"line":85,"column":4},"end":{"line":85,"column":27}},{"start":{},"end":{}}],"line":85},"3":{"loc":{"start":{"line":86,"column":20},"end":{"line":86,"column":37}},"type":"binary-expr","locations":[{"start":{"line":86,"column":20},"end":{"line":86,"column":32}},{"start":{"line":86,"column":36},"end":{"line":86,"column":37}}],"line":86}},"s":{"0":3,"1":3,"2":2,"3":2,"4":2,"5":0,"6":0,"7":0,"8":0,"9":2,"10":0,"11":0,"12":0,"13":0,"14":0,"15":0,"16":0},"f":{"0":3,"1":2,"2":2,"3":0,"4":0},"b":{"0":[2,0],"1":[0,0],"2":[0,0],"3":[0,0]},"meta":{"lastBranch":4,"lastFunction":5,"lastStatement":17,"seen":{"f:41:2:41:13":0,"s:42:4:42:12":0,"s:43:4:43:27":1,"f:52:8:52:11":1,"s:53:17:53:36":2,"b:54:4:54:27:undefined:undefined:undefined:undefined":0,"s:54:4:54:27":3,"s:54:15:54:27":4,"b:55:4:58:5:undefined:undefined:undefined:undefined":1,"s:55:4:58:5":5,"s:56:6:56:29":6,"s:57:6:57:18":7,"s:59:4:59:22":8,"f:70:8:70:11":2,"s:71:4:74:7":9,"f:83:8:83:17":3,"s:84:17:84:36":10,"b:85:4:85:27:undefined:undefined:undefined:undefined":2,"s:85:4:85:27":11,"s:85:15:85:27":12,"s:86:4:86:43":13,"b:86:20:86:32:86:36:86:37":3,"s:87:4:87:67":14,"s:88:4:88:24":15,"f:97:8:97:14":4,"s:98:4:98:27":16}}}
,"D:\\Projects\\te.js\\rate-limit\\storage\\redis.js": {"path":"D:\\Projects\\te.js\\rate-limit\\storage\\redis.js","statementMap":{"0":{"start":{"line":40,"column":4},"end":{"line":40,"column":12}},"1":{"start":{"line":41,"column":4},"end":{"line":41,"column":25}},"2":{"start":{"line":51,"column":18},"end":{"line":51,"column":44}},"3":{"start":{"line":52,"column":4},"end":{"line":52,"column":44}},"4":{"start":{"line":64,"column":4},"end":{"line":64,"column":67}},"5":{"start":{"line":74,"column":4},"end":{"line":74,"column":39}},"6":{"start":{"line":84,"column":4},"end":{"line":84,"column":31}}},"fnMap":{"0":{"name":"(anonymous_0)","decl":{"start":{"line":39,"column":2},"end":{"line":39,"column":13}},"loc":{"start":{"line":39,"column":22},"end":{"line":42,"column":3}},"line":39},"1":{"name":"(anonymous_1)","decl":{"start":{"line":50,"column":8},"end":{"line":50,"column":11}},"loc":{"start":{"line":50,"column":17},"end":{"line":53,"column":3}},"line":50},"2":{"name":"(anonymous_2)","decl":{"start":{"line":63,"column":8},"end":{"line":63,"column":11}},"loc":{"start":{"line":63,"column":29},"end":{"line":65,"column":3}},"line":63},"3":{"name":"(anonymous_3)","decl":{"start":{"line":73,"column":8},"end":{"line":73,"column":17}},"loc":{"start":{"line":73,"column":23},"end":{"line":75,"column":3}},"line":73},"4":{"name":"(anonymous_4)","decl":{"start":{"line":83,"column":8},"end":{"line":83,"column":14}},"loc":{"start":{"line":83,"column":20},"end":{"line":85,"column":3}},"line":83}},"branchMap":{"0":{"loc":{"start":{"line":52,"column":11},"end":{"line":52,"column":43}},"type":"cond-expr","locations":[{"start":{"line":52,"column":19},"end":{"line":52,"column":36}},{"start":{"line":52,"column":39},"end":{"line":52,"column":43}}],"line":52}},"s":{"0":0,"1":0,"2":0,"3":0,"4":0,"5":0,"6":0},"f":{"0":0,"1":0,"2":0,"3":0,"4":0},"b":{"0":[0,0]},"meta":{"lastBranch":1,"lastFunction":5,"lastStatement":7,"seen":{"f:39:2:39:13":0,"s:40:4:40:12":0,"s:41:4:41:25":1,"f:50:8:50:11":1,"s:51:18:51:44":2,"s:52:4:52:44":3,"b:52:19:52:36:52:39:52:43":0,"f:63:8:63:11":2,"s:64:4:64:67":4,"f:73:8:73:17":3,"s:74:4:74:39":5,"f:83:8:83:14":4,"s:84:4:84:31":6}}}
,"D:\\Projects\\te.js\\server\\ammo.js": {"path":"D:\\Projects\\te.js\\server\\ammo.js","statementMap":{"0":{"start":{"line":20,"column":15},"end":{"line":20,"column":null}},"1":{"start":{"line":28,"column":2},"end":{"line":28,"column":null}},"2":{"start":{"line":28,"column":55},"end":{"line":28,"column":null}},"3":{"start":{"line":29,"column":52},"end":{"line":29,"column":null}},"4":{"start":{"line":30,"column":20},"end":{"line":30,"column":null}},"5":{"start":{"line":32,"column":4},"end":{"line":33,"column":null}},"6":{"start":{"line":34,"column":2},"end":{"line":34,"column":null}},"7":{"start":{"line":64,"column":4},"end":{"line":64,"column":null}},"8":{"start":{"line":65,"column":4},"end":{"line":65,"column":null}},"9":{"start":{"line":67,"column":4},"end":{"line":67,"column":null}},"10":{"start":{"line":68,"column":4},"end":{"line":68,"column":null}},"11":{"start":{"line":69,"column":4},"end":{"line":69,"column":null}},"12":{"start":{"line":70,"column":4},"end":{"line":70,"column":null}},"13":{"start":{"line":71,"column":4},"end":{"line":71,"column":null}},"14":{"start":{"line":72,"column":4},"end":{"line":72,"column":null}},"15":{"start":{"line":73,"column":4},"end":{"line":73,"column":null}},"16":{"start":{"line":76,"column":4},"end":{"line":76,"column":null}},"17":{"start":{"line":77,"column":4},"end":{"line":77,"column":null}},"18":{"start":{"line":78,"column":4},"end":{"line":78,"column":null}},"19":{"start":{"line":79,"column":4},"end":{"line":79,"column":null}},"20":{"start":{"line":82,"column":4},"end":{"line":82,"column":null}},"21":{"start":{"line":83,"column":4},"end":{"line":83,"column":null}},"22":{"start":{"line":84,"column":4},"end":{"line":84,"column":null}},"23":{"start":{"line":85,"column":4},"end":{"line":85,"column":null}},"24":{"start":{"line":87,"column":4},"end":{"line":87,"column":null}},"25":{"start":{"line":90,"column":4},"end":{"line":90,"column":null}},"26":{"start":{"line":97,"column":4},"end":{"line":97,"column":null}},"27":{"start":{"line":119,"column":4},"end":{"line":119,"column":null}},"28":{"start":{"line":121,"column":4},"end":{"line":121,"column":null}},"29":{"start":{"line":122,"column":4},"end":{"line":122,"column":null}},"30":{"start":{"line":123,"column":4},"end":{"line":123,"column":null}},"31":{"start":{"line":124,"column":4},"end":{"line":124,"column":null}},"32":{"start":{"line":125,"column":4},"end":{"line":125,"column":null}},"33":{"start":{"line":126,"column":4},"end":{"line":126,"column":null}},"34":{"start":{"line":127,"column":4},"end":{"line":127,"column":null}},"35":{"start":{"line":177,"column":42},"end":{"line":177,"column":null}},"36":{"start":{"line":178,"column":30},"end":{"line":178,"column":null}},"37":{"start":{"line":180,"column":4},"end":{"line":180,"column":null}},"38":{"start":{"line":182,"column":4},"end":{"line":182,"column":null}},"39":{"start":{"line":183,"column":4},"end":{"line":183,"column":null}},"40":{"start":{"line":184,"column":4},"end":{"line":184,"column":null}},"41":{"start":{"line":212,"column":4},"end":{"line":212,"column":null}},"42":{"start":{"line":213,"column":4},"end":{"line":213,"column":null}},"43":{"start":{"line":232,"column":4},"end":{"line":232,"column":null}},"44":{"start":{"line":264,"column":20},"end":{"line":264,"column":null}},"45":{"start":{"line":264,"column":39},"end":{"line":264,"column":62}},"46":{"start":{"line":265,"column":19},"end":{"line":265,"column":null}},"47":{"start":{"line":266,"column":4},"end":{"line":269,"column":null}},"48":{"start":{"line":267,"column":6},"end":{"line":267,"column":null}},"49":
[...]
n":38},"end":{"line":145,"column":65}},"type":"binary-expr","locations":[{"start":{"line":145,"column":38},"end":{"line":145,"column":52}},{"start":{"line":145,"column":56},"end":{"line":145,"column":65}}],"line":145},"34":{"loc":{"start":{"line":175,"column":2},"end":{"line":175,"column":23}},"type":"if","locations":[{"start":{"line":175,"column":2},"end":{"line":175,"column":23}},{"start":{},"end":{}}],"line":175},"35":{"loc":{"start":{"line":178,"column":2},"end":{"line":178,"column":78}},"type":"if","locations":[{"start":{"line":178,"column":2},"end":{"line":178,"column":78}},{"start":{},"end":{}}],"line":178},"36":{"loc":{"start":{"line":179,"column":2},"end":{"line":179,"column":74}},"type":"if","locations":[{"start":{"line":179,"column":2},"end":{"line":179,"column":74}},{"start":{},"end":{}}],"line":179},"37":{"loc":{"start":{"line":180,"column":2},"end":{"line":180,"column":68}},"type":"if","locations":[{"start":{"line":180,"column":2},"end":{"line":180,"column":68}},{"start":{},"end":{}}],"line":180},"38":{"loc":{"start":{"line":182,"column":2},"end":{"line":186,"column":3}},"type":"if","locations":[{"start":{"line":182,"column":2},"end":{"line":186,"column":3}},{"start":{},"end":{}}],"line":182},"39":{"loc":{"start":{"line":190,"column":3},"end":{"line":190,"column":57}},"type":"binary-expr","locations":[{"start":{"line":190,"column":3},"end":{"line":190,"column":29}},{"start":{"line":190,"column":32},"end":{"line":190,"column":51}},{"start":{"line":190,"column":55},"end":{"line":190,"column":57}}],"line":190},"40":{"loc":{"start":{"line":192,"column":2},"end":{"line":196,"column":3}},"type":"if","locations":[{"start":{"line":192,"column":2},"end":{"line":196,"column":3}},{"start":{},"end":{}}],"line":192},"41":{"loc":{"start":{"line":192,"column":6},"end":{"line":192,"column":35}},"type":"binary-expr","locations":[{"start":{"line":192,"column":6},"end":{"line":192,"column":21}},{"start":{"line":192,"column":25},"end":{"line":192,"column":35}}],"line":192},"42":{"loc":{"start":{"line":200,"column":3},"end":{"line":200,"column":63}},"type":"binary-expr","locations":[{"start":{"line":200,"column":3},"end":{"line":200,"column":32}},{"start":{"line":200,"column":35},"end":{"line":200,"column":57}},{"start":{"line":200,"column":61},"end":{"line":200,"column":63}}],"line":200},"43":{"loc":{"start":{"line":202,"column":2},"end":{"line":209,"column":3}},"type":"if","locations":[{"start":{"line":202,"column":2},"end":{"line":209,"column":3}},{"start":{},"end":{}}],"line":202},"44":{"loc":{"start":{"line":203,"column":4},"end":{"line":204,"column":62}},"type":"binary-expr","locations":[{"start":{"line":203,"column":4},"end":{"line":203,"column":16}},{"start":{"line":204,"column":5},"end":{"line":204,"column":32}},{"start":{"line":204,"column":36},"end":{"line":204,"column":61}}],"line":203},"45":{"loc":{"start":{"line":211,"column":28},"end":{"line":211,"column":62}},"type":"binary-expr","locations":[{"start":{"line":211,"column":28},"end":{"line":211,"column":56}},{"start":{"line":211,"column":60},"end":{"line":211,"column":62}}],"line":211},"46":{"loc":{"start":{"line":212,"column":2},"end":{"line":216,"column":3}},"type":"if","locations":[{"start":{"line":212,"column":2},"end":{"line":216,"column":3}},{"start":{},"end":{}}],"line":212},"47":{"loc":{"start":{"line":212,"column":6},"end":{"line":212,"column":77}},"type":"binary-expr","locations":[{"start":{"line":212,"column":6},"end":{"line":212,"column":17}},{"start":{"line":212,"column":22},"end":{"line":212,"column":48}},{"start":{"line":212,"column":52},"end":{"line":212,"column":76}}],"line":212}},"s":{"0":0,"1":0,"2":0,"3":0,"4":0,"5":0,"6":0,"7":0,"8":0,"9":0,"10":0,"11":0,"12":0,"13":0,"14":0,"15":0,"16":0,"17":0,"18":0,"19":0,"20":0,"21":0,"22":0,"23":0,"24":0,"25":0,"26":0,"27":0,"28":0,"29":0,"30":0,"31":0,"32":0,"33":0,"34":0,"35":0,"36":0,"37":0,"38":0,"39":0,"40":0,"41":0,"42":0,"43":0,"44":0,"45":0,"46":0,"47":0,"48":0,"49":0,"50":0,"51":0,"52":0,"53":0,"54":0,"55":0,"56":0,"57":0,"58":0,"59":0},"f":{"0":0,"1":0,"2":0,"3":0,"4":0},"b":{"0":[0,0],"1":[0,0],"2":[0,0],"3":[0,0],"4":[0,0],"5":[0,0],"6":[0,0],"7":[0,0],"8":[0,0],"9":[0,0,0,0],"10":[0,0,0,0,0],"11":[0,0,0,0,0],"12":[0,0,0],"13":[0,0,0,0,0],"14":[0,0,0],"15":[0,0,0],"16":[0,0],"17":[0,0,0],"18":[0,0,0],"19":[0,0],"20":[0,0],"21":[0,0,0],"22":[0,0],"23":[0,0,0],"24":[0,0],"25":[0,0],"26":[0,0,0,0],"27":[0,0],"28":[0,0],"29":[0,0,0],"30":[0,0],"31":[0,0],"32":[0,0],"33":[0,0],"34":[0,0],"35":[0,0],"36":[0,0],"37":[0,0],"38":[0,0],"39":[0,0,0],"40":[0,0],"41":[0,0],"42":[0,0,0],"43":[0,0],"44":[0,0,0],"45":[0,0],"46":[0,0],"47":[0,0,0]},"meta":{"lastBranch":48,"lastFunction":5,"lastStatement":60,"seen":{"s:10:15:10:47":0,"s:12:44:12:68":1,"s:13:40:13:57":2,"s:14:43:14:69":3,"f:21:9:21:29":0,"s:22:12:24:18":4,"b:22:19:22:20:22:24:22:26":0,"b:25:2:25:59:undefined:undefined:undefined:undefined":1,"s:25:2:25:59":5,"b:25:6:25:23:25:27:25:38":2,"s:25:40:25:59":6,"s:26:2:26:19":7,"f:34:9:34:22":1,"s:35:12:37:18":8,"b:35:19:35:20:35:24:35:26":3,"b:38:2:38:36:undefined:undefined:undefined:undefined":4,"s:38:2:38:36":9,"s:38:21:38:36":10,"s:39:2:39:16":11,"f:47:9:47:25":2,"s:48:12:50:18":12,"b:48:19:48:20:48:24:48:26":5,"b:51:2:51:32:undefined:undefined:undefined:undefined":6,"s:51:2:51:32":13,"s:51:19:51:32":14,"b:52:2:52:34:undefined:undefined:undefined:undefined":7,"s:52:2:52:34":15,"s:52:20:52:34":16,"s:53:2:53:19":17,"f:73:16:73:34":3,"s:74:20:74:52":18,"b:74:20:74:46:74:50:74:52":8,"s:76:4:79:20":19,"b:76:4:76:23:77:4:77:25:78:4:78:22:79:4:79:20":9,"s:82:3:86:6":20,"b:82:3:82:30:83:3:83:29:84:3:84:23:85:3:85:22:86:4:86:6":10,"s:89:3:93:6":21,"b:89:3:89:29:90:3:90:28:91:3:91:22:92:3:92:21:93:4:93:6":11,"s:95:15:95:65":22,"b:95:15:95:39:95:42:95:59:95:63:95:65":12,"s:98:3:102:6":23,"b:98:3:98:34:99:3:99:33:100:3:100:27:101:3:101:26:102:4:102:6":13,"s:104:17:104:65":24,"b:104:17:104:40:104:43:104:59:104:63:104:65":14,"s:106:20:106:74":25,"b:106:20:106:46:106:49:106:68:106:72:106:74":15,"s:107:21:107:39":26,"s:109:4:109:76":27,"b:109:58:109:63:109:66:109:76":16,"b:109:4:109:15:109:19:109:36:109:40:109:55":17,"s:111:20:111:74":28,"b:111:20:111:46:111:49:111:68:111:72:111:74":18,"s:114:4:114:73":29,"b:114:4:114:51:114:55:114:73":19,"b:114:10:114:37:114:41:114:43":20,"s:117:3:117:63":30,"b:117:3:117:32:117:35:117:57:117:61:117:63":21,"s:118:23:118:43":31,"s:120:4:122:32":32,"b:121:8:121:10:122:8:122:32":22,"b:120:4:120:17:120:21:120:40:120:44:120:61":23,"s:124:18:124:48":33,"b:124:18:124:42:124:46:124:48":24,"s:126:4:131:12":34,"b:130:8:130:13:131:8:131:12":25,"b:126:4:126:22:127:4:127:24:128:4:128:20:129:4:129:18":26,"s:133:21:133:55":35,"b:133:21:133:49:133:53:133:55":27,"s:134:22:134:41":36,"s:136:4:138:19":37,"b:137:8:137:15:138:8:138:19":28,"b:136:4:136:16:136:20:136:38:136:42:136:58":29,"s:140:2:153:5":38,"b:142:20:142:27:142:31:142:33":30,"b:143:19:143:25:143:29:143:31":31,"b:144:18:144:23:144:27:144:29":32,"b:145:38:145:52:145:56:145:65":33,"f:164:16:164:42":4,"s:174:6:174:26":39,"b:175:2:175:23:undefined:undefined:undefined:undefined":34,"s:175:2:175:23":40,"s:175:16:175:23":41,"s:177:18:177:20":42,"b:178:2:178:78:undefined:undefined:undefined:undefined":35,"s:178:2:178:78":43,"s:178:16:178:78":44,"b:179:2:179:74:undefined:undefined:undefined:undefined":36,"s:179:2:179:74":45,"s:179:15:179:74":46,"b:180:2:180:68:undefined:undefined:undefined:undefined":37,"s:180:2:180:68":47,"s:180:14:180:68":48,"b:182:2:186:3:undefined:undefined:undefined:undefined":38,"s:182:2:186:3":49,"s:183:4:185:6":50,"s:189:21:191:10":51,"b:190:3:190:29:190:32:190:51:190:55:190:57":39,"b:192:2:196:3:undefined:undefined:undefined:undefined":40,"s:192:2:196:3":52,"b:192:6:192:21:192:25:192:35":41,"s:193:4:195:6":53,"s:199:23:201:10":54,"b:200:3:200:32:200:35:200:57:200:61:200:63":42,"b:202:2:209:3:undefined:undefined:undefined:undefined":43,"s:202:2:209:3":55,"b:203:4:203:16:204:5:204:32:204:36:204:61":44,"s:206:4:208:6":56,"s:211:22:211:70":57,"b:211:28:211:56:211:60:211:62":45,"b:212:2:216:3:undefined:undefined:undefined:undefined":46,"s:212:2:216:3":58,"b:212:6:212:17:212:22:212:48:212:52:212:76":47,"s:213:4:215:6":59}}}
,"D:\\Projects\\te.js\\utils\\request-logger.js": {"path":"D:\\Projects\\te.js\\utils\\request-logger.js","statementMap":{"0":{"start":{"line":5,"column":15},"end":{"line":5,"column":45}},"1":{"start":{"line":6,"column":67},"end":{"line":6,"column":71}},"2":{"start":{"line":13,"column":28},"end":{"line":21,"column":2}},"3":{"start":{"line":31,"column":2},"end":{"line":31,"column":64}},"4":{"start":{"line":31,"column":51},"end":{"line":31,"column":64}},"5":{"start":{"line":32,"column":2},"end":{"line":32,"column":57}},"6":{"start":{"line":32,"column":28},"end":{"line":32,"column":57}},"7":{"start":{"line":34,"column":17},"end":{"line":34,"column":36}},"8":{"start":{"line":35,"column":2},"end":{"line":37,"column":3}},"9":{"start":{"line":36,"column":4},"end":{"line":36,"column":79}},"10":{"start":{"line":38,"column":2},"end":{"line":38,"column":16}},"11":{"start":{"line":42,"column":2},"end":{"line":42,"column":40}},"12":{"start":{"line":42,"column":33},"end":{"line":42,"column":40}},"13":{"start":{"line":44,"column":20},"end":{"line":44,"column":30}},"14":{"start":{"line":45,"column":21},"end":{"line":45,"column":42}},"15":{"start":{"line":46,"column":2},"end":{"line":86,"column":5}},"16":{"start":{"line":47,"column":4},"end":{"line":47,"column":23}},"17":{"start":{"line":48,"column":16},"end":{"line":48,"column":24}},"18":{"start":{"line":49,"column":19},"end":{"line":49,"column":51}},"19":{"start":{"line":50,"column":21},"end":{"line":50,"column":40}},"20":{"start":{"line":52,"column":6},"end":{"line":54,"column":59}},"21":{"start":{"line":56,"column":21},"end":{"line":56,"column":57}},"22":{"start":{"line":58,"column":26},"end":{"line":58,"column":50}},"23":{"start":{"line":59,"column":20},"end":{"line":61,"column":7}},"24":{"start":{"line":63,"column":25},"end":{"line":63,"column":44}},"25":{"start":{"line":64,"column":4},"end":{"line":70,"column":5}},"26":{"start":{"line":65,"column":6},"end":{"line":67,"column":8}},"27":{"start":{"line":71,"column":27},"end":{"line":71,"column":74}},"28":{"start":{"line":72,"column":21},"end":{"line":72,"column":25}},"29":{"start":{"line":74,"column":4},"end":{"line":85,"column":6}}},"fnMap":{"0":{"name":"maskForLog","decl":{"start":{"line":30,"column":9},"end":{"line":30,"column":19}},"loc":{"start":{"line":30,"column":27},"end":{"line":39,"column":1}},"line":30},"1":{"name":"logHttpRequest","decl":{"start":{"line":41,"column":9},"end":{"line":41,"column":23}},"loc":{"start":{"line":41,"column":36},"end":{"line":87,"column":1}},"line":41},"2":{"name":"(anonymous_2)","decl":{"start":{"line":46,"column":55},"end":{"line":46,"column":56}},"loc":{"start":{"line":46,"column":61},"end":{"line":86,"column":3}},"line":46}},"branchMap":{"0":{"loc":{"start":{"line":31,"column":2},"end":{"line":31,"column":64}},"type":"if","locations":[{"start":{"line":31,"column":2},"end":{"line":31,"column":64}},{"start":{},"end":{}}],"line":31},"1":{"loc":{"start":{"line":31,"column":6},"end":{"line":31,"column":49}},"type":"binary-expr","locations":[{"start":{"line":31,"column":6},"end":{"line":31,"column":20}},{"start":{"line":31,"column":24},"end":{"line":31,"column":49}}],"line":31},"2":{"loc":{"start":{"line":32,"column":2},"end":{"line":32,"column":57}},"type":"if","locations":[{"start":{"line":32,"column":2},"end":{"line":32,"column":57}},{"start":{},"end":{}}],"line":32},"3":{"loc":{"start":{"line":36,"column":16},"end":{"line":36,"column":78}},"type":"cond-expr","locations":[{"start":{"line":36,"column":59},"end":{"line":36,"column":62}},{"start":{"line":36,"column":65},"end":{"line":36,"column":78}}],"line":36},"4":{"loc":{"start":{"line":42,"column":2},"end":{"line":42,"column":40}},"type":"if","locations":[{"start":{"line":42,"column":2},"end":{"line":42,"column":40}},{"start":{},"end":{}}],"line":42},"5":{"loc":{"start":{"line":52,"column":6},"end":{"line":54,"column":59}},"type":"cond-expr","locations":[{"start":{"line":53,"column":10},"end":{"line":53,"column":57}},{"start":{"line":54,"column":10},"end":{"line":54,"column":59}}],"line":52}},"s":{"0":0,"1":0,"2":0,"3":0,"4":0,"5":0,"6":0,"7":0,"8":0,"9":0,"10":0,"11":0,"12":0,"13":0,"14":0,"15":0,"16":0,"17":0,"18":0,"19":0,"20":0,"21":0,"22":0,"23":0,"24":0,"25":0,"26":0,"27":0,"28":0,"29":0},"f":{"0":0,"1":0,"2":0},"b":{"0":[0,0],"1":[0,0],"2":[0,0],"3":[0,0],"4":[0,0],"5":[0,0]},"meta":{"lastBranch":6,"lastFunction":3,"lastStatement":30,"seen":{"s:5:15:5:45":0,"s:6:67:6:71":1,"s:13:28:21:2":2,"f:30:9:30:19":0,"b:31:2:31:64:undefined:undefined:undefined:undefined":0,"s:31:2:31:64":3,"b:31:6:31:20:31:24:31:49":1,"s:31:51:31:64":4,"b:32:2:32:57:undefined:undefined:undefined:undefined":2,"s:32:2:32:57":5,"s:32:28:32:57":6,"s:34:17:34:36":7,"s:35:2:37:3":8,"s:36:4:36:79":9,"b:36:59:36:62:36:65:36:78":3,"s:38:2:38:16":10,"f:41:9:41:23":1,"b:42:2:42:40:undefined:undefined:undefined:undefined":4,"s:42:2:42:40":11,"s:42:33:42:40":12,"s:44:20:44:30":13,"s:45:21:45:42":14,"s:46:2:86:5":15,"f:46:55:46:56":2,"s:47:4:47:23":16,"s:48:16:48:24":17,"s:49:19:49:51":18,"s:50:21:50:40":19,"s:52:6:54:59":20,"b:53:10:53:57:54:10:54:59":5,"s:56:21:56:57":21,"s:58:26:58:50":22,"s:59:20:61:7":23,"s:63:25:63:44":24,"s:64:4:70:5":25,"s:65:6:67:8":26,"s:71:27:71:74":27,"s:72:21:72:25":28,"s:74:4:85:6":29}}}
,"D:\\Projects\\te.js\\utils\\response-config.js": {"path":"D:\\Projects\\te.js\\utils\\response-config.js","statementMap":{"0":{"start":{"line":15,"column":3},"end":{"line":20,"column":6}},"1":{"start":{"line":22,"column":4},"end":{"line":25,"column":20}},"2":{"start":{"line":28,"column":3},"end":{"line":28,"column":71}},"3":{"start":{"line":30,"column":3},"end":{"line":30,"column":68}},"4":{"start":{"line":32,"column":2},"end":{"line":37,"column":4}}},"fnMap":{"0":{"name":"getResponseConfig","decl":{"start":{"line":12,"column":16},"end":{"line":12,"column":33}},"loc":{"start":{"line":12,"column":36},"end":{"line":38,"column":1}},"line":12}},"branchMap":{"0":{"loc":{"start":{"line":15,"column":3},"end":{"line":20,"column":6}},"type":"binary-expr","locations":[{"start":{"line":15,"column":3},"end":{"line":15,"column":36}},{"start":{"line":16,"column":3},"end":{"line":16,"column":35}},{"start":{"line":17,"column":3},"end":{"line":17,"column":34}},{"start":{"line":18,"column":3},"end":{"line":18,"column":33}},{"start":{"line":19,"column":3},"end":{"line":19,"column":27}},{"start":{"line":20,"column":4},"end":{"line":20,"column":6}}],"line":15},"1":{"loc":{"start":{"line":22,"column":4},"end":{"line":25,"column":20}},"type":"binary-expr","locations":[{"start":{"line":22,"column":4},"end":{"line":22,"column":23}},{"start":{"line":23,"column":4},"end":{"line":23,"column":25}},{"start":{"line":24,"column":4},"end":{"line":24,"column":22}},{"start":{"line":25,"column":4},"end":{"line":25,"column":20}}],"line":22},"2":{"loc":{"start":{"line":28,"column":3},"end":{"line":28,"column":71}},"type":"binary-expr","locations":[{"start":{"line":28,"column":3},"end":{"line":28,"column":30}},{"start":{"line":28,"column":33},"end":{"line":28,"column":61}},{"start":{"line":28,"column":65},"end":{"line":28,"column":71}}],"line":28},"3":{"loc":{"start":{"line":30,"column":3},"end":{"line":30,"column":68}},"type":"binary-expr","locations":[{"start":{"line":30,"column":3},"end":{"line":30,"column":28}},{"start":{"line":30,"column":31},"end":{"line":30,"column":57}},{"start":{"line":30,"column":61},"end":{"line":30,"column":68}}],"line":30},"4":{"loc":{"start":{"line":34,"column":6},"end":{"line":34,"column":77}},"type":"cond-expr","locations":[{"start":{"line":34,"column":54},"end":{"line":34,"column":58}},{"start":{"line":34,"column":61},"end":{"line":34,"column":77}}],"line":34},"5":{"loc":{"start":{"line":34,"column":6},"end":{"line":34,"column":51}},"type":"binary-expr","locations":[{"start":{"line":34,"column":6},"end":{"line":34,"column":30}},{"start":{"line":34,"column":34},"end":{"line":34,"column":51}}],"line":34},"6":{"loc":{"start":{"line":35,"column":16},"end":{"line":35,"column":61}},"type":"binary-expr","locations":[{"start":{"line":35,"column":16},"end":{"line":35,"column":51}},{"start":{"line":35,"column":55},"end":{"line":35,"column":61}}],"line":35},"7":{"loc":{"start":{"line":35,"column":23},"end":{"line":35,"column":43}},"type":"binary-expr","locations":[{"start":{"line":35,"column":23},"end":{"line":35,"column":33}},{"start":{"line":35,"column":37},"end":{"line":35,"column":43}}],"line":35},"8":{"loc":{"start":{"line":36,"column":14},"end":{"line":36,"column":59}},"type":"binary-expr","locations":[{"start":{"line":36,"column":14},"end":{"line":36,"column":48}},{"start":{"line":36,"column":52},"end":{"line":36,"column":59}}],"line":36},"9":{"loc":{"start":{"line":36,"column":21},"end":{"line":36,"column":40}},"type":"binary-expr","locations":[{"start":{"line":36,"column":21},"end":{"line":36,"column":29}},{"start":{"line":36,"column":33},"end":{"line":36,"column":40}}],"line":36}},"s":{"0":0,"1":0,"2":0,"3":0,"4":0},"f":{"0":0},"b":{"0":[0,0,0,0,0,0],"1":[0,0,0,0],"2":[0,0,0],"3":[0,0,0],"4":[0,0],"5":[0,0],"6":[0,0],"7":[0,0],"8":[0,0],"9":[0,0]},"meta":{"lastBranch":10,"lastFunction":1,"lastStatement":5,"seen":{"f:12:16:12:33":0,"s:15:3:20:6":0,"b:15:3:15:36:16:3:16:35:17:3:17:34:18:3:18:33:19:3:19:27:20:4:20:6":0,"s:22:4:25:20":1,"b:22:4:22:23:23:4:23:25:24:4:24:22:25:4:25:20":1,"s:28:3:28:71":2,"b:28:3:28:30:28:33:28:61:28:65:28:71":2,"s:30:3:30:68":3,"b:30:3:30:28:30:31:30:57:30:61:30:68":3,"s:32:2:37:4":4,"b:34:54:34:58:34:61:34:77":4,"b:34:6:34:30:34:34:34:51":5,"b:35:16:35:51:35:55:35:61":6,"b:35:23:35:33:35:37:35:43":7,"b:36:14:36:48:36:52:36:59":8,"b:36:21:36:29:36:33:36:40":9}}}
,"D:\\Projects\\te.js\\utils\\status-codes.js": {"path":"D:\\Projects\\te.js\\utils\\status-codes.js","statementMap":{"0":{"start":{"line":1,"column":17},"end":{"line":65,"column":1}},"1":{"start":{"line":67,"column":24},"end":{"line":68,"column":65}},"2":{"start":{"line":68,"column":51},"end":{"line":68,"column":63}},"3":{"start":{"line":70,"column":21},"end":{"line":72,"column":1}},"4":{"start":{"line":71,"column":2},"end":{"line":71,"column":34}},"5":{"start":{"line":74,"column":24},"end":{"line":76,"column":1}},"6":{"start":{"line":75,"column":2},"end":{"line":75,"column":24}},"7":{"start":{"line":78,"column":21},"end":{"line":80,"column":1}},"8":{"start":{"line":79,"column":2},"end":{"line":79,"column":38}}},"fnMap":{"0":{"name":"(anonymous_0)","decl":{"start":{"line":68,"column":33},"end":{"line":68,"column":34}},"loc":{"start":{"line":68,"column":51},"end":{"line":68,"column":63}},"line":68},"1":{"name":"(anonymous_1)","decl":{"start":{"line":70,"column":21},"end":{"line":70,"column":22}},"loc":{"start":{"line":70,"column":34},"end":{"line":72,"column":1}},"line":70},"2":{"name":"(anonymous_2)","decl":{"start":{"line":74,"column":24},"end":{"line":74,"column":25}},"loc":{"start":{"line":74,"column":34},"end":{"line":76,"column":1}},"line":74},"3":{"name":"(anonymous_3)","decl":{"start":{"line":78,"column":21},"end":{"line":78,"column":22}},"loc":{"start":{"line":78,"column":31},"end":{"line":80,"column":1}},"line":78}},"branchMap":{},"s":{"0":0,"1":0,"2":0,"3":0,"4":0,"5":0,"6":0,"7":0,"8":0},"f":{"0":0,"1":0,"2":0,"3":0},"b":{},"meta":{"lastBranch":0,"lastFunction":4,"lastStatement":9,"seen":{"s:1:17:65:1":0,"s:67:24:68:65":1,"f:68:33:68:34":0,"s:68:51:68:63":2,"s:70:21:72:1":3,"f:70:21:70:22":1,"s:71:2:71:34":4,"s:74:24:76:1":5,"f:74:24:74:25":2,"s:75:2:75:24":6,"s:78:21:80:1":7,"f:78:21:78:22":3,"s:79:2:79:38":8}}}
,"D:\\Projects\\te.js\\utils\\tejas-entrypoint-html.js": {"path":"D:\\Projects\\te.js\\utils\\tejas-entrypoint-html.js","statementMap":{"0":{"start":{"line":4,"column":2},"end":{"line":16,"column":11}}},"fnMap":{},"branchMap":{},"s":{"0":0},"f":{},"b":{},"meta":{"lastBranch":0,"lastFunction":0,"lastStatement":1,"seen":{"s:4:2:16:11":0}}}
}
